mode: set
gitlab.jiagouyun.com/cloudcare-tools/datakit/plugins/inputs/redis/bigKey.go:20.60,22.2 1 0
gitlab.jiagouyun.com/cloudcare-tools/datakit/plugins/inputs/redis/bigKey.go:24.60,46.2 1 0
gitlab.jiagouyun.com/cloudcare-tools/datakit/plugins/inputs/redis/bigKey.go:48.45,50.33 2 1
gitlab.jiagouyun.com/cloudcare-tools/datakit/plugins/inputs/redis/bigKey.go:70.2,70.17 1 1
gitlab.jiagouyun.com/cloudcare-tools/datakit/plugins/inputs/redis/bigKey.go:50.33,52.7 2 1
gitlab.jiagouyun.com/cloudcare-tools/datakit/plugins/inputs/redis/bigKey.go:52.7,58.18 5 1
gitlab.jiagouyun.com/cloudcare-tools/datakit/plugins/inputs/redis/bigKey.go:63.4,64.19 2 1
gitlab.jiagouyun.com/cloudcare-tools/datakit/plugins/inputs/redis/bigKey.go:58.18,61.5 2 0
gitlab.jiagouyun.com/cloudcare-tools/datakit/plugins/inputs/redis/bigKey.go:64.19,65.10 1 1
gitlab.jiagouyun.com/cloudcare-tools/datakit/plugins/inputs/redis/bigKey.go:74.73,77.30 2 1
gitlab.jiagouyun.com/cloudcare-tools/datakit/plugins/inputs/redis/bigKey.go:121.2,121.26 1 1
gitlab.jiagouyun.com/cloudcare-tools/datakit/plugins/inputs/redis/bigKey.go:77.30,86.34 3 1
gitlab.jiagouyun.com/cloudcare-tools/datakit/plugins/inputs/redis/bigKey.go:90.3,100.5 4 1
gitlab.jiagouyun.com/cloudcare-tools/datakit/plugins/inputs/redis/bigKey.go:108.3,108.13 1 1
gitlab.jiagouyun.com/cloudcare-tools/datakit/plugins/inputs/redis/bigKey.go:116.3,116.24 1 1
gitlab.jiagouyun.com/cloudcare-tools/datakit/plugins/inputs/redis/bigKey.go:86.34,88.4 1 1
gitlab.jiagouyun.com/cloudcare-tools/datakit/plugins/inputs/redis/bigKey.go:100.5,101.80 1 1
gitlab.jiagouyun.com/cloudcare-tools/datakit/plugins/inputs/redis/bigKey.go:101.80,104.10 3 1
gitlab.jiagouyun.com/cloudcare-tools/datakit/plugins/inputs/redis/bigKey.go:108.13,109.27 1 0
gitlab.jiagouyun.com/cloudcare-tools/datakit/plugins/inputs/redis/bigKey.go:113.4,113.32 1 0
gitlab.jiagouyun.com/cloudcare-tools/datakit/plugins/inputs/redis/bigKey.go:109.27,111.5 1 0
gitlab.jiagouyun.com/cloudcare-tools/datakit/plugins/inputs/redis/bigKey.go:116.24,118.4 1 1
gitlab.jiagouyun.com/cloudcare-tools/datakit/plugins/inputs/redis/client.go:21.60,23.2 1 1
gitlab.jiagouyun.com/cloudcare-tools/datakit/plugins/inputs/redis/client.go:25.60,80.2 1 1
gitlab.jiagouyun.com/cloudcare-tools/datakit/plugins/inputs/redis/client.go:83.76,88.21 4 1
gitlab.jiagouyun.com/cloudcare-tools/datakit/plugins/inputs/redis/client.go:139.2,139.26 1 1
gitlab.jiagouyun.com/cloudcare-tools/datakit/plugins/inputs/redis/client.go:88.21,91.39 2 1
gitlab.jiagouyun.com/cloudcare-tools/datakit/plugins/inputs/redis/client.go:95.3,96.22 2 1
gitlab.jiagouyun.com/cloudcare-tools/datakit/plugins/inputs/redis/client.go:100.3,107.34 2 1
gitlab.jiagouyun.com/cloudcare-tools/datakit/plugins/inputs/redis/client.go:111.3,111.30 1 1
gitlab.jiagouyun.com/cloudcare-tools/datakit/plugins/inputs/redis/client.go:128.3,130.36 2 1
gitlab.jiagouyun.com/cloudcare-tools/datakit/plugins/inputs/redis/client.go:134.3,134.24 1 1
gitlab.jiagouyun.com/cloudcare-tools/datakit/plugins/inputs/redis/client.go:91.39,92.12 1 0
gitlab.jiagouyun.com/cloudcare-tools/datakit/plugins/inputs/redis/client.go:96.22,97.12 1 0
gitlab.jiagouyun.com/cloudcare-tools/datakit/plugins/inputs/redis/client.go:107.34,109.4 1 1
gitlab.jiagouyun.com/cloudcare-tools/datakit/plugins/inputs/redis/client.go:111.30,117.21 4 1
gitlab.jiagouyun.com/cloudcare-tools/datakit/plugins/inputs/redis/client.go:117.21,118.18 1 1
gitlab.jiagouyun.com/cloudcare-tools/datakit/plugins/inputs/redis/client.go:123.5,123.25 1 1
gitlab.jiagouyun.com/cloudcare-tools/datakit/plugins/inputs/redis/client.go:118.18,120.6 1 1
gitlab.jiagouyun.com/cloudcare-tools/datakit/plugins/inputs/redis/client.go:120.11,122.6 1 0
gitlab.jiagouyun.com/cloudcare-tools/datakit/plugins/inputs/redis/client.go:124.10,126.5 1 1
gitlab.jiagouyun.com/cloudcare-tools/datakit/plugins/inputs/redis/client.go:130.36,132.4 1 0
gitlab.jiagouyun.com/cloudcare-tools/datakit/plugins/inputs/redis/client.go:134.24,136.4 1 1
gitlab.jiagouyun.com/cloudcare-tools/datakit/plugins/inputs/redis/client.go:143.44,145.43 2 1
gitlab.jiagouyun.com/cloudcare-tools/datakit/plugins/inputs/redis/client.go:157.2,157.12 1 1
gitlab.jiagouyun.com/cloudcare-tools/datakit/plugins/inputs/redis/client.go:145.43,146.38 1 1
gitlab.jiagouyun.com/cloudcare-tools/datakit/plugins/inputs/redis/client.go:146.38,148.18 2 1
gitlab.jiagouyun.com/cloudcare-tools/datakit/plugins/inputs/redis/client.go:148.18,151.5 2 0
gitlab.jiagouyun.com/cloudcare-tools/datakit/plugins/inputs/redis/client.go:151.10,153.5 1 1
gitlab.jiagouyun.com/cloudcare-tools/datakit/plugins/inputs/redis/db.go:24.56,26.2 1 1
gitlab.jiagouyun.com/cloudcare-tools/datakit/plugins/inputs/redis/db.go:28.56,54.2 1 1
gitlab.jiagouyun.com/cloudcare-tools/datakit/plugins/inputs/redis/db.go:56.70,66.36 3 1
gitlab.jiagouyun.com/cloudcare-tools/datakit/plugins/inputs/redis/db.go:70.2,72.37 2 1
gitlab.jiagouyun.com/cloudcare-tools/datakit/plugins/inputs/redis/db.go:66.36,68.3 1 0
gitlab.jiagouyun.com/cloudcare-tools/datakit/plugins/inputs/redis/db.go:76.41,79.16 3 1
gitlab.jiagouyun.com/cloudcare-tools/datakit/plugins/inputs/redis/db.go:83.2,83.30 1 1
gitlab.jiagouyun.com/cloudcare-tools/datakit/plugins/inputs/redis/db.go:79.16,81.3 1 0
gitlab.jiagouyun.com/cloudcare-tools/datakit/plugins/inputs/redis/db.go:87.58,91.21 3 1
gitlab.jiagouyun.com/cloudcare-tools/datakit/plugins/inputs/redis/db.go:119.2,119.12 1 1
gitlab.jiagouyun.com/cloudcare-tools/datakit/plugins/inputs/redis/db.go:91.21,94.39 2 1
gitlab.jiagouyun.com/cloudcare-tools/datakit/plugins/inputs/redis/db.go:98.3,99.21 2 1
gitlab.jiagouyun.com/cloudcare-tools/datakit/plugins/inputs/redis/db.go:104.3,109.36 4 1
gitlab.jiagouyun.com/cloudcare-tools/datakit/plugins/inputs/redis/db.go:94.39,95.12 1 1
gitlab.jiagouyun.com/cloudcare-tools/datakit/plugins/inputs/redis/db.go:99.21,100.12 1 0
gitlab.jiagouyun.com/cloudcare-tools/datakit/plugins/inputs/redis/db.go:109.36,116.4 4 1
gitlab.jiagouyun.com/cloudcare-tools/datakit/plugins/inputs/redis/db.go:123.64,125.43 2 1
gitlab.jiagouyun.com/cloudcare-tools/datakit/plugins/inputs/redis/db.go:137.2,137.37 1 1
gitlab.jiagouyun.com/cloudcare-tools/datakit/plugins/inputs/redis/db.go:125.43,126.38 1 1
gitlab.jiagouyun.com/cloudcare-tools/datakit/plugins/inputs/redis/db.go:126.38,128.18 2 1
gitlab.jiagouyun.com/cloudcare-tools/datakit/plugins/inputs/redis/db.go:128.18,131.5 2 0
gitlab.jiagouyun.com/cloudcare-tools/datakit/plugins/inputs/redis/db.go:131.10,133.5 1 1
gitlab.jiagouyun.com/cloudcare-tools/datakit/plugins/inputs/redis/input.go:51.33,60.26 3 1
gitlab.jiagouyun.com/cloudcare-tools/datakit/plugins/inputs/redis/input.go:64.2,70.16 4 1
gitlab.jiagouyun.com/cloudcare-tools/datakit/plugins/inputs/redis/input.go:74.2,77.12 3 1
gitlab.jiagouyun.com/cloudcare-tools/datakit/plugins/inputs/redis/input.go:60.26,62.3 1 1
gitlab.jiagouyun.com/cloudcare-tools/datakit/plugins/inputs/redis/input.go:70.16,72.3 1 1
gitlab.jiagouyun.com/cloudcare-tools/datakit/plugins/inputs/redis/input.go:80.52,85.2 2 0
gitlab.jiagouyun.com/cloudcare-tools/datakit/plugins/inputs/redis/input.go:87.33,88.33 1 1
gitlab.jiagouyun.com/cloudcare-tools/datakit/plugins/inputs/redis/input.go:103.2,103.12 1 1
gitlab.jiagouyun.com/cloudcare-tools/datakit/plugins/inputs/redis/input.go:88.33,89.33 1 0
gitlab.jiagouyun.com/cloudcare-tools/datakit/plugins/inputs/redis/input.go:89.33,91.4 1 0
gitlab.jiagouyun.com/cloudcare-tools/datakit/plugins/inputs/redis/input.go:91.9,92.19 1 0
gitlab.jiagouyun.com/cloudcare-tools/datakit/plugins/inputs/redis/input.go:92.19,96.64 1 0
gitlab.jiagouyun.com/cloudcare-tools/datakit/plugins/inputs/redis/input.go:96.64,98.6 1 0
gitlab.jiagouyun.com/cloudcare-tools/datakit/plugins/inputs/redis/input.go:106.72,118.33 4 1
gitlab.jiagouyun.com/cloudcare-tools/datakit/plugins/inputs/redis/input.go:123.2,123.36 1 1
gitlab.jiagouyun.com/cloudcare-tools/datakit/plugins/inputs/redis/input.go:128.2,128.35 1 1
gitlab.jiagouyun.com/cloudcare-tools/datakit/plugins/inputs/redis/input.go:132.2,132.23 1 1
gitlab.jiagouyun.com/cloudcare-tools/datakit/plugins/inputs/redis/input.go:136.2,136.26 1 1
gitlab.jiagouyun.com/cloudcare-tools/datakit/plugins/inputs/redis/input.go:118.33,120.3 1 1
gitlab.jiagouyun.com/cloudcare-tools/datakit/plugins/inputs/redis/input.go:123.36,125.3 1 1
gitlab.jiagouyun.com/cloudcare-tools/datakit/plugins/inputs/redis/input.go:128.35,130.3 1 0
gitlab.jiagouyun.com/cloudcare-tools/datakit/plugins/inputs/redis/input.go:132.23,134.3 1 1
gitlab.jiagouyun.com/cloudcare-tools/datakit/plugins/inputs/redis/input.go:139.74,141.16 2 1
gitlab.jiagouyun.com/cloudcare-tools/datakit/plugins/inputs/redis/input.go:145.2,145.24 1 1
gitlab.jiagouyun.com/cloudcare-tools/datakit/plugins/inputs/redis/input.go:141.16,143.3 1 0
gitlab.jiagouyun.com/cloudcare-tools/datakit/plugins/inputs/redis/input.go:149.74,152.16 3 1
gitlab.jiagouyun.com/cloudcare-tools/datakit/plugins/inputs/redis/input.go:157.2,157.32 1 1
gitlab.jiagouyun.com/cloudcare-tools/datakit/plugins/inputs/redis/input.go:152.16,155.3 2 0
gitlab.jiagouyun.com/cloudcare-tools/datakit/plugins/inputs/redis/input.go:161.75,164.16 3 1
gitlab.jiagouyun.com/cloudcare-tools/datakit/plugins/inputs/redis/input.go:169.2,169.33 1 1
gitlab.jiagouyun.com/cloudcare-tools/datakit/plugins/inputs/redis/input.go:164.16,167.3 2 0
gitlab.jiagouyun.com/cloudcare-tools/datakit/plugins/inputs/redis/input.go:172.75,174.2 1 1
gitlab.jiagouyun.com/cloudcare-tools/datakit/plugins/inputs/redis/input.go:176.50,177.27 1 0
gitlab.jiagouyun.com/cloudcare-tools/datakit/plugins/inputs/redis/input.go:181.2,181.18 1 0
gitlab.jiagouyun.com/cloudcare-tools/datakit/plugins/inputs/redis/input.go:206.2,206.12 1 0
gitlab.jiagouyun.com/cloudcare-tools/datakit/plugins/inputs/redis/input.go:177.27,179.3 1 0
gitlab.jiagouyun.com/cloudcare-tools/datakit/plugins/inputs/redis/input.go:181.18,183.27 2 0
gitlab.jiagouyun.com/cloudcare-tools/datakit/plugins/inputs/redis/input.go:187.3,192.28 5 0
gitlab.jiagouyun.com/cloudcare-tools/datakit/plugins/inputs/redis/input.go:195.3,196.17 2 0
gitlab.jiagouyun.com/cloudcare-tools/datakit/plugins/inputs/redis/input.go:201.3,203.18 2 0
gitlab.jiagouyun.com/cloudcare-tools/datakit/plugins/inputs/redis/input.go:183.27,185.4 1 0
gitlab.jiagouyun.com/cloudcare-tools/datakit/plugins/inputs/redis/input.go:192.28,194.4 1 0
gitlab.jiagouyun.com/cloudcare-tools/datakit/plugins/inputs/redis/input.go:196.17,199.4 2 0
gitlab.jiagouyun.com/cloudcare-tools/datakit/plugins/inputs/redis/input.go:209.23,214.6 3 0
gitlab.jiagouyun.com/cloudcare-tools/datakit/plugins/inputs/redis/input.go:223.2,223.44 1 0
gitlab.jiagouyun.com/cloudcare-tools/datakit/plugins/inputs/redis/input.go:227.2,238.21 4 0
gitlab.jiagouyun.com/cloudcare-tools/datakit/plugins/inputs/redis/input.go:242.2,242.6 1 0
gitlab.jiagouyun.com/cloudcare-tools/datakit/plugins/inputs/redis/input.go:214.6,215.37 1 0
gitlab.jiagouyun.com/cloudcare-tools/datakit/plugins/inputs/redis/input.go:215.37,218.4 2 0
gitlab.jiagouyun.com/cloudcare-tools/datakit/plugins/inputs/redis/input.go:218.9,219.9 1 0
gitlab.jiagouyun.com/cloudcare-tools/datakit/plugins/inputs/redis/input.go:223.44,225.3 1 0
gitlab.jiagouyun.com/cloudcare-tools/datakit/plugins/inputs/redis/input.go:238.21,240.3 1 0
gitlab.jiagouyun.com/cloudcare-tools/datakit/plugins/inputs/redis/input.go:242.6,243.10 1 0
gitlab.jiagouyun.com/cloudcare-tools/datakit/plugins/inputs/redis/input.go:244.17,247.15 3 0
gitlab.jiagouyun.com/cloudcare-tools/datakit/plugins/inputs/redis/input.go:249.30,250.23 1 0
gitlab.jiagouyun.com/cloudcare-tools/datakit/plugins/inputs/redis/input.go:254.4,255.10 2 0
gitlab.jiagouyun.com/cloudcare-tools/datakit/plugins/inputs/redis/input.go:250.23,253.5 2 0
gitlab.jiagouyun.com/cloudcare-tools/datakit/plugins/inputs/redis/input.go:260.34,260.56 1 0
gitlab.jiagouyun.com/cloudcare-tools/datakit/plugins/inputs/redis/input.go:262.39,262.62 1 0
gitlab.jiagouyun.com/cloudcare-tools/datakit/plugins/inputs/redis/input.go:264.43,266.2 1 0
gitlab.jiagouyun.com/cloudcare-tools/datakit/plugins/inputs/redis/input.go:268.58,276.2 1 0
gitlab.jiagouyun.com/cloudcare-tools/datakit/plugins/inputs/redis/input.go:278.13,279.44 1 1
gitlab.jiagouyun.com/cloudcare-tools/datakit/plugins/inputs/redis/input.go:279.44,281.3 1 0
gitlab.jiagouyun.com/cloudcare-tools/datakit/plugins/inputs/redis/redisInfo.go:24.58,26.2 1 1
gitlab.jiagouyun.com/cloudcare-tools/datakit/plugins/inputs/redis/redisInfo.go:29.58,334.2 1 1
gitlab.jiagouyun.com/cloudcare-tools/datakit/plugins/inputs/redis/redisInfo.go:337.43,342.16 4 1
gitlab.jiagouyun.com/cloudcare-tools/datakit/plugins/inputs/redis/redisInfo.go:346.2,351.46 4 1
gitlab.jiagouyun.com/cloudcare-tools/datakit/plugins/inputs/redis/redisInfo.go:356.2,356.12 1 1
gitlab.jiagouyun.com/cloudcare-tools/datakit/plugins/inputs/redis/redisInfo.go:342.16,345.3 2 1
gitlab.jiagouyun.com/cloudcare-tools/datakit/plugins/inputs/redis/redisInfo.go:351.46,354.3 2 0
gitlab.jiagouyun.com/cloudcare-tools/datakit/plugins/inputs/redis/redisInfo.go:360.60,364.21 3 1
gitlab.jiagouyun.com/cloudcare-tools/datakit/plugins/inputs/redis/redisInfo.go:382.2,382.12 1 1
gitlab.jiagouyun.com/cloudcare-tools/datakit/plugins/inputs/redis/redisInfo.go:364.21,367.39 2 1
gitlab.jiagouyun.com/cloudcare-tools/datakit/plugins/inputs/redis/redisInfo.go:371.3,372.21 2 1
gitlab.jiagouyun.com/cloudcare-tools/datakit/plugins/inputs/redis/redisInfo.go:376.3,379.23 3 1
gitlab.jiagouyun.com/cloudcare-tools/datakit/plugins/inputs/redis/redisInfo.go:367.39,368.12 1 1
gitlab.jiagouyun.com/cloudcare-tools/datakit/plugins/inputs/redis/redisInfo.go:372.21,373.12 1 0
gitlab.jiagouyun.com/cloudcare-tools/datakit/plugins/inputs/redis/redisInfo.go:386.42,388.43 2 1
gitlab.jiagouyun.com/cloudcare-tools/datakit/plugins/inputs/redis/redisInfo.go:400.2,400.12 1 1
gitlab.jiagouyun.com/cloudcare-tools/datakit/plugins/inputs/redis/redisInfo.go:388.43,389.38 1 1
gitlab.jiagouyun.com/cloudcare-tools/datakit/plugins/inputs/redis/redisInfo.go:389.38,391.18 2 1
gitlab.jiagouyun.com/cloudcare-tools/datakit/plugins/inputs/redis/redisInfo.go:391.18,394.5 2 0
gitlab.jiagouyun.com/cloudcare-tools/datakit/plugins/inputs/redis/redisInfo.go:394.10,396.5 1 1
gitlab.jiagouyun.com/cloudcare-tools/datakit/plugins/inputs/redis/util.go:11.48,14.2 2 1
gitlab.jiagouyun.com/cloudcare-tools/datakit/plugins/inputs/redis/util.go:16.28,18.2 1 1
gitlab.jiagouyun.com/cloudcare-tools/datakit/plugins/inputs/redis/util.go:20.66,26.18 2 1
gitlab.jiagouyun.com/cloudcare-tools/datakit/plugins/inputs/redis/util.go:37.2,37.17 1 1
gitlab.jiagouyun.com/cloudcare-tools/datakit/plugins/inputs/redis/util.go:27.20,28.34 1 1
gitlab.jiagouyun.com/cloudcare-tools/datakit/plugins/inputs/redis/util.go:29.18,30.32 1 1
gitlab.jiagouyun.com/cloudcare-tools/datakit/plugins/inputs/redis/util.go:31.19,32.31 1 1
gitlab.jiagouyun.com/cloudcare-tools/datakit/plugins/inputs/redis/util.go:33.21,34.33 1 1
gitlab.jiagouyun.com/cloudcare-tools/datakit/plugins/inputs/redis/commandStat.go:23.61,25.2 1 1
gitlab.jiagouyun.com/cloudcare-tools/datakit/plugins/inputs/redis/commandStat.go:27.61,58.2 1 1
gitlab.jiagouyun.com/cloudcare-tools/datakit/plugins/inputs/redis/commandStat.go:61.77,66.21 4 1
gitlab.jiagouyun.com/cloudcare-tools/datakit/plugins/inputs/redis/commandStat.go:113.2,113.26 1 1
gitlab.jiagouyun.com/cloudcare-tools/datakit/plugins/inputs/redis/commandStat.go:66.21,68.39 2 1
gitlab.jiagouyun.com/cloudcare-tools/datakit/plugins/inputs/redis/commandStat.go:72.3,73.21 2 1
gitlab.jiagouyun.com/cloudcare-tools/datakit/plugins/inputs/redis/commandStat.go:77.3,84.34 2 1
gitlab.jiagouyun.com/cloudcare-tools/datakit/plugins/inputs/redis/commandStat.go:89.3,94.36 4 1
gitlab.jiagouyun.com/cloudcare-tools/datakit/plugins/inputs/redis/commandStat.go:103.3,103.36 1 1
gitlab.jiagouyun.com/cloudcare-tools/datakit/plugins/inputs/redis/commandStat.go:107.3,107.24 1 1
gitlab.jiagouyun.com/cloudcare-tools/datakit/plugins/inputs/redis/commandStat.go:68.39,69.12 1 1
gitlab.jiagouyun.com/cloudcare-tools/datakit/plugins/inputs/redis/commandStat.go:73.21,74.12 1 0
gitlab.jiagouyun.com/cloudcare-tools/datakit/plugins/inputs/redis/commandStat.go:84.34,86.4 1 1
gitlab.jiagouyun.com/cloudcare-tools/datakit/plugins/inputs/redis/commandStat.go:94.36,101.4 4 1
gitlab.jiagouyun.com/cloudcare-tools/datakit/plugins/inputs/redis/commandStat.go:103.36,105.4 1 0
gitlab.jiagouyun.com/cloudcare-tools/datakit/plugins/inputs/redis/commandStat.go:107.24,110.4 2 1
gitlab.jiagouyun.com/cloudcare-tools/datakit/plugins/inputs/redis/commandStat.go:117.45,119.43 2 1
gitlab.jiagouyun.com/cloudcare-tools/datakit/plugins/inputs/redis/commandStat.go:131.2,131.12 1 1
gitlab.jiagouyun.com/cloudcare-tools/datakit/plugins/inputs/redis/commandStat.go:119.43,120.38 1 1
gitlab.jiagouyun.com/cloudcare-tools/datakit/plugins/inputs/redis/commandStat.go:120.38,122.18 2 1
gitlab.jiagouyun.com/cloudcare-tools/datakit/plugins/inputs/redis/commandStat.go:122.18,125.5 2 0
gitlab.jiagouyun.com/cloudcare-tools/datakit/plugins/inputs/redis/commandStat.go:125.10,127.5 1 1
gitlab.jiagouyun.com/cloudcare-tools/datakit/plugins/inputs/redis/replica.go:27.61,29.2 1 1
gitlab.jiagouyun.com/cloudcare-tools/datakit/plugins/inputs/redis/replica.go:31.61,47.2 1 1
gitlab.jiagouyun.com/cloudcare-tools/datakit/plugins/inputs/redis/replica.go:49.75,59.36 3 1
gitlab.jiagouyun.com/cloudcare-tools/datakit/plugins/inputs/redis/replica.go:63.2,65.37 2 1
gitlab.jiagouyun.com/cloudcare-tools/datakit/plugins/inputs/redis/replica.go:59.36,61.3 1 0
gitlab.jiagouyun.com/cloudcare-tools/datakit/plugins/inputs/redis/replica.go:69.46,72.16 3 1
gitlab.jiagouyun.com/cloudcare-tools/datakit/plugins/inputs/redis/replica.go:77.2,79.12 2 1
gitlab.jiagouyun.com/cloudcare-tools/datakit/plugins/inputs/redis/replica.go:72.16,75.3 2 0
gitlab.jiagouyun.com/cloudcare-tools/datakit/plugins/inputs/redis/replica.go:83.63,91.21 6 1
gitlab.jiagouyun.com/cloudcare-tools/datakit/plugins/inputs/redis/replica.go:164.2,164.12 1 1
gitlab.jiagouyun.com/cloudcare-tools/datakit/plugins/inputs/redis/replica.go:91.21,94.39 2 1
gitlab.jiagouyun.com/cloudcare-tools/datakit/plugins/inputs/redis/replica.go:98.3,99.22 2 1
gitlab.jiagouyun.com/cloudcare-tools/datakit/plugins/inputs/redis/replica.go:104.3,106.34 2 1
gitlab.jiagouyun.com/cloudcare-tools/datakit/plugins/inputs/redis/replica.go:110.3,110.46 1 1
gitlab.jiagouyun.com/cloudcare-tools/datakit/plugins/inputs/redis/replica.go:114.3,114.34 1 1
gitlab.jiagouyun.com/cloudcare-tools/datakit/plugins/inputs/redis/replica.go:118.3,118.56 1 1
gitlab.jiagouyun.com/cloudcare-tools/datakit/plugins/inputs/redis/replica.go:147.3,149.18 3 1
gitlab.jiagouyun.com/cloudcare-tools/datakit/plugins/inputs/redis/replica.go:153.3,155.17 2 1
gitlab.jiagouyun.com/cloudcare-tools/datakit/plugins/inputs/redis/replica.go:159.3,159.25 1 1
gitlab.jiagouyun.com/cloudcare-tools/datakit/plugins/inputs/redis/replica.go:94.39,95.12 1 1
gitlab.jiagouyun.com/cloudcare-tools/datakit/plugins/inputs/redis/replica.go:99.22,100.12 1 0
gitlab.jiagouyun.com/cloudcare-tools/datakit/plugins/inputs/redis/replica.go:106.34,108.4 1 0
gitlab.jiagouyun.com/cloudcare-tools/datakit/plugins/inputs/redis/replica.go:110.46,112.4 1 0
gitlab.jiagouyun.com/cloudcare-tools/datakit/plugins/inputs/redis/replica.go:114.34,116.4 1 0
gitlab.jiagouyun.com/cloudcare-tools/datakit/plugins/inputs/redis/replica.go:118.56,121.20 3 0
gitlab.jiagouyun.com/cloudcare-tools/datakit/plugins/inputs/redis/replica.go:125.4,126.23 2 0
gitlab.jiagouyun.com/cloudcare-tools/datakit/plugins/inputs/redis/replica.go:130.4,133.18 3 0
gitlab.jiagouyun.com/cloudcare-tools/datakit/plugins/inputs/redis/replica.go:137.4,140.18 3 0
gitlab.jiagouyun.com/cloudcare-tools/datakit/plugins/inputs/redis/replica.go:144.4,144.53 1 0
gitlab.jiagouyun.com/cloudcare-tools/datakit/plugins/inputs/redis/replica.go:121.20,122.13 1 0
gitlab.jiagouyun.com/cloudcare-tools/datakit/plugins/inputs/redis/replica.go:126.23,128.13 2 0
gitlab.jiagouyun.com/cloudcare-tools/datakit/plugins/inputs/redis/replica.go:133.18,135.13 2 0
gitlab.jiagouyun.com/cloudcare-tools/datakit/plugins/inputs/redis/replica.go:140.18,142.13 2 0
gitlab.jiagouyun.com/cloudcare-tools/datakit/plugins/inputs/redis/replica.go:149.18,151.4 1 0
gitlab.jiagouyun.com/cloudcare-tools/datakit/plugins/inputs/redis/replica.go:155.17,157.4 1 1
gitlab.jiagouyun.com/cloudcare-tools/datakit/plugins/inputs/redis/replica.go:159.25,161.4 1 0
gitlab.jiagouyun.com/cloudcare-tools/datakit/plugins/inputs/redis/replica.go:168.45,170.43 2 1
gitlab.jiagouyun.com/cloudcare-tools/datakit/plugins/inputs/redis/replica.go:182.2,182.12 1 1
gitlab.jiagouyun.com/cloudcare-tools/datakit/plugins/inputs/redis/replica.go:170.43,171.38 1 1
gitlab.jiagouyun.com/cloudcare-tools/datakit/plugins/inputs/redis/replica.go:171.38,173.18 2 1
gitlab.jiagouyun.com/cloudcare-tools/datakit/plugins/inputs/redis/replica.go:173.18,176.5 2 0
gitlab.jiagouyun.com/cloudcare-tools/datakit/plugins/inputs/redis/replica.go:176.10,178.5 1 1
gitlab.jiagouyun.com/cloudcare-tools/datakit/plugins/inputs/redis/slowlog.go:21.61,23.2 1 1
gitlab.jiagouyun.com/cloudcare-tools/datakit/plugins/inputs/redis/slowlog.go:25.61,41.2 1 1
gitlab.jiagouyun.com/cloudcare-tools/datakit/plugins/inputs/redis/slowlog.go:44.61,51.16 6 1
gitlab.jiagouyun.com/cloudcare-tools/datakit/plugins/inputs/redis/slowlog.go:56.2,57.51 2 1
gitlab.jiagouyun.com/cloudcare-tools/datakit/plugins/inputs/redis/slowlog.go:104.2,104.26 1 1
gitlab.jiagouyun.com/cloudcare-tools/datakit/plugins/inputs/redis/slowlog.go:51.16,54.3 2 0
gitlab.jiagouyun.com/cloudcare-tools/datakit/plugins/inputs/redis/slowlog.go:57.51,58.47 1 1
gitlab.jiagouyun.com/cloudcare-tools/datakit/plugins/inputs/redis/slowlog.go:58.47,59.39 1 1
gitlab.jiagouyun.com/cloudcare-tools/datakit/plugins/inputs/redis/slowlog.go:63.4,72.29 3 1
gitlab.jiagouyun.com/cloudcare-tools/datakit/plugins/inputs/redis/slowlog.go:76.4,77.50 2 1
gitlab.jiagouyun.com/cloudcare-tools/datakit/plugins/inputs/redis/slowlog.go:81.4,81.25 1 1
gitlab.jiagouyun.com/cloudcare-tools/datakit/plugins/inputs/redis/slowlog.go:84.4,87.47 3 1
gitlab.jiagouyun.com/cloudcare-tools/datakit/plugins/inputs/redis/slowlog.go:93.4,101.37 6 1
gitlab.jiagouyun.com/cloudcare-tools/datakit/plugins/inputs/redis/slowlog.go:59.39,61.5 1 0
gitlab.jiagouyun.com/cloudcare-tools/datakit/plugins/inputs/redis/slowlog.go:72.29,74.5 1 1
gitlab.jiagouyun.com/cloudcare-tools/datakit/plugins/inputs/redis/slowlog.go:77.50,78.13 1 0
gitlab.jiagouyun.com/cloudcare-tools/datakit/plugins/inputs/redis/slowlog.go:81.25,83.5 1 1
gitlab.jiagouyun.com/cloudcare-tools/datakit/plugins/inputs/redis/slowlog.go:87.47,88.29 1 1
gitlab.jiagouyun.com/cloudcare-tools/datakit/plugins/inputs/redis/slowlog.go:88.29,90.6 1 1
