mode: set
gitlab.jiagouyun.com/cloudcare-tools/datakit/plugins/inputs/redis/commandStat.go:23.61,25.2 1 1
gitlab.jiagouyun.com/cloudcare-tools/datakit/plugins/inputs/redis/commandStat.go:27.61,58.2 1 1
gitlab.jiagouyun.com/cloudcare-tools/datakit/plugins/inputs/redis/commandStat.go:61.77,66.21 4 1
gitlab.jiagouyun.com/cloudcare-tools/datakit/plugins/inputs/redis/commandStat.go:113.2,113.26 1 1
gitlab.jiagouyun.com/cloudcare-tools/datakit/plugins/inputs/redis/commandStat.go:66.21,68.39 2 1
gitlab.jiagouyun.com/cloudcare-tools/datakit/plugins/inputs/redis/commandStat.go:72.3,73.21 2 1
gitlab.jiagouyun.com/cloudcare-tools/datakit/plugins/inputs/redis/commandStat.go:77.3,84.34 2 1
gitlab.jiagouyun.com/cloudcare-tools/datakit/plugins/inputs/redis/commandStat.go:89.3,94.36 4 1
gitlab.jiagouyun.com/cloudcare-tools/datakit/plugins/inputs/redis/commandStat.go:103.3,103.36 1 1
gitlab.jiagouyun.com/cloudcare-tools/datakit/plugins/inputs/redis/commandStat.go:107.3,107.24 1 1
gitlab.jiagouyun.com/cloudcare-tools/datakit/plugins/inputs/redis/commandStat.go:68.39,69.12 1 1
gitlab.jiagouyun.com/cloudcare-tools/datakit/plugins/inputs/redis/commandStat.go:73.21,74.12 1 0
gitlab.jiagouyun.com/cloudcare-tools/datakit/plugins/inputs/redis/commandStat.go:84.34,86.4 1 1
gitlab.jiagouyun.com/cloudcare-tools/datakit/plugins/inputs/redis/commandStat.go:94.36,101.4 4 1
gitlab.jiagouyun.com/cloudcare-tools/datakit/plugins/inputs/redis/commandStat.go:103.36,105.4 1 0
gitlab.jiagouyun.com/cloudcare-tools/datakit/plugins/inputs/redis/commandStat.go:107.24,110.4 2 1
gitlab.jiagouyun.com/cloudcare-tools/datakit/plugins/inputs/redis/commandStat.go:117.45,119.43 2 1
gitlab.jiagouyun.com/cloudcare-tools/datakit/plugins/inputs/redis/commandStat.go:131.2,131.12 1 1
gitlab.jiagouyun.com/cloudcare-tools/datakit/plugins/inputs/redis/commandStat.go:119.43,120.38 1 1
gitlab.jiagouyun.com/cloudcare-tools/datakit/plugins/inputs/redis/commandStat.go:120.38,122.18 2 1
gitlab.jiagouyun.com/cloudcare-tools/datakit/plugins/inputs/redis/commandStat.go:122.18,125.5 2 0
gitlab.jiagouyun.com/cloudcare-tools/datakit/plugins/inputs/redis/commandStat.go:125.10,127.5 1 1
gitlab.jiagouyun.com/cloudcare-tools/datakit/plugins/inputs/redis/input.go:50.33,64.16 5 1
gitlab.jiagouyun.com/cloudcare-tools/datakit/plugins/inputs/redis/input.go:68.2,71.12 3 1
gitlab.jiagouyun.com/cloudcare-tools/datakit/plugins/inputs/redis/input.go:64.16,66.3 1 0
gitlab.jiagouyun.com/cloudcare-tools/datakit/plugins/inputs/redis/input.go:74.52,79.2 2 0
gitlab.jiagouyun.com/cloudcare-tools/datakit/plugins/inputs/redis/input.go:81.33,82.33 1 0
gitlab.jiagouyun.com/cloudcare-tools/datakit/plugins/inputs/redis/input.go:97.2,97.12 1 0
gitlab.jiagouyun.com/cloudcare-tools/datakit/plugins/inputs/redis/input.go:82.33,83.33 1 0
gitlab.jiagouyun.com/cloudcare-tools/datakit/plugins/inputs/redis/input.go:83.33,85.4 1 0
gitlab.jiagouyun.com/cloudcare-tools/datakit/plugins/inputs/redis/input.go:85.9,86.19 1 0
gitlab.jiagouyun.com/cloudcare-tools/datakit/plugins/inputs/redis/input.go:86.19,90.64 1 0
gitlab.jiagouyun.com/cloudcare-tools/datakit/plugins/inputs/redis/input.go:90.64,92.6 1 0
gitlab.jiagouyun.com/cloudcare-tools/datakit/plugins/inputs/redis/input.go:100.72,112.33 4 1
gitlab.jiagouyun.com/cloudcare-tools/datakit/plugins/inputs/redis/input.go:117.2,117.36 1 1
gitlab.jiagouyun.com/cloudcare-tools/datakit/plugins/inputs/redis/input.go:122.2,122.35 1 1
gitlab.jiagouyun.com/cloudcare-tools/datakit/plugins/inputs/redis/input.go:126.2,126.23 1 1
gitlab.jiagouyun.com/cloudcare-tools/datakit/plugins/inputs/redis/input.go:130.2,130.26 1 1
gitlab.jiagouyun.com/cloudcare-tools/datakit/plugins/inputs/redis/input.go:112.33,114.3 1 1
gitlab.jiagouyun.com/cloudcare-tools/datakit/plugins/inputs/redis/input.go:117.36,119.3 1 0
gitlab.jiagouyun.com/cloudcare-tools/datakit/plugins/inputs/redis/input.go:122.35,124.3 1 0
gitlab.jiagouyun.com/cloudcare-tools/datakit/plugins/inputs/redis/input.go:126.23,128.3 1 1
gitlab.jiagouyun.com/cloudcare-tools/datakit/plugins/inputs/redis/input.go:133.74,135.16 2 1
gitlab.jiagouyun.com/cloudcare-tools/datakit/plugins/inputs/redis/input.go:139.2,139.24 1 1
gitlab.jiagouyun.com/cloudcare-tools/datakit/plugins/inputs/redis/input.go:135.16,137.3 1 0
gitlab.jiagouyun.com/cloudcare-tools/datakit/plugins/inputs/redis/input.go:143.74,145.16 2 1
gitlab.jiagouyun.com/cloudcare-tools/datakit/plugins/inputs/redis/input.go:150.2,150.32 1 1
gitlab.jiagouyun.com/cloudcare-tools/datakit/plugins/inputs/redis/input.go:145.16,148.3 2 0
gitlab.jiagouyun.com/cloudcare-tools/datakit/plugins/inputs/redis/input.go:154.75,156.16 2 1
gitlab.jiagouyun.com/cloudcare-tools/datakit/plugins/inputs/redis/input.go:161.2,161.33 1 1
gitlab.jiagouyun.com/cloudcare-tools/datakit/plugins/inputs/redis/input.go:156.16,159.3 2 0
gitlab.jiagouyun.com/cloudcare-tools/datakit/plugins/inputs/redis/input.go:164.75,175.27 3 1
gitlab.jiagouyun.com/cloudcare-tools/datakit/plugins/inputs/redis/input.go:179.2,179.20 1 1
gitlab.jiagouyun.com/cloudcare-tools/datakit/plugins/inputs/redis/input.go:175.27,177.3 1 1
gitlab.jiagouyun.com/cloudcare-tools/datakit/plugins/inputs/redis/input.go:182.50,183.27 1 0
gitlab.jiagouyun.com/cloudcare-tools/datakit/plugins/inputs/redis/input.go:187.2,187.18 1 0
gitlab.jiagouyun.com/cloudcare-tools/datakit/plugins/inputs/redis/input.go:212.2,212.12 1 0
gitlab.jiagouyun.com/cloudcare-tools/datakit/plugins/inputs/redis/input.go:183.27,185.3 1 0
gitlab.jiagouyun.com/cloudcare-tools/datakit/plugins/inputs/redis/input.go:187.18,189.27 2 0
gitlab.jiagouyun.com/cloudcare-tools/datakit/plugins/inputs/redis/input.go:193.3,198.28 5 0
gitlab.jiagouyun.com/cloudcare-tools/datakit/plugins/inputs/redis/input.go:201.3,202.17 2 0
gitlab.jiagouyun.com/cloudcare-tools/datakit/plugins/inputs/redis/input.go:207.3,209.18 2 0
gitlab.jiagouyun.com/cloudcare-tools/datakit/plugins/inputs/redis/input.go:189.27,191.4 1 0
gitlab.jiagouyun.com/cloudcare-tools/datakit/plugins/inputs/redis/input.go:198.28,200.4 1 0
gitlab.jiagouyun.com/cloudcare-tools/datakit/plugins/inputs/redis/input.go:202.17,205.4 2 0
gitlab.jiagouyun.com/cloudcare-tools/datakit/plugins/inputs/redis/input.go:215.23,220.6 3 0
gitlab.jiagouyun.com/cloudcare-tools/datakit/plugins/inputs/redis/input.go:229.2,229.44 1 0
gitlab.jiagouyun.com/cloudcare-tools/datakit/plugins/inputs/redis/input.go:233.2,243.21 4 0
gitlab.jiagouyun.com/cloudcare-tools/datakit/plugins/inputs/redis/input.go:247.5,247.18 1 0
gitlab.jiagouyun.com/cloudcare-tools/datakit/plugins/inputs/redis/input.go:251.2,251.6 1 0
gitlab.jiagouyun.com/cloudcare-tools/datakit/plugins/inputs/redis/input.go:220.6,221.37 1 0
gitlab.jiagouyun.com/cloudcare-tools/datakit/plugins/inputs/redis/input.go:221.37,224.4 2 0
gitlab.jiagouyun.com/cloudcare-tools/datakit/plugins/inputs/redis/input.go:224.9,225.12 1 0
gitlab.jiagouyun.com/cloudcare-tools/datakit/plugins/inputs/redis/input.go:229.44,231.3 1 0
gitlab.jiagouyun.com/cloudcare-tools/datakit/plugins/inputs/redis/input.go:243.21,245.6 1 0
gitlab.jiagouyun.com/cloudcare-tools/datakit/plugins/inputs/redis/input.go:247.18,249.6 1 0
gitlab.jiagouyun.com/cloudcare-tools/datakit/plugins/inputs/redis/input.go:251.6,252.10 1 0
gitlab.jiagouyun.com/cloudcare-tools/datakit/plugins/inputs/redis/input.go:253.17,256.15 3 0
gitlab.jiagouyun.com/cloudcare-tools/datakit/plugins/inputs/redis/input.go:258.30,259.23 1 0
gitlab.jiagouyun.com/cloudcare-tools/datakit/plugins/inputs/redis/input.go:263.4,264.10 2 0
gitlab.jiagouyun.com/cloudcare-tools/datakit/plugins/inputs/redis/input.go:259.23,262.5 2 0
gitlab.jiagouyun.com/cloudcare-tools/datakit/plugins/inputs/redis/input.go:269.34,269.56 1 0
gitlab.jiagouyun.com/cloudcare-tools/datakit/plugins/inputs/redis/input.go:271.39,271.62 1 0
gitlab.jiagouyun.com/cloudcare-tools/datakit/plugins/inputs/redis/input.go:273.43,275.2 1 0
gitlab.jiagouyun.com/cloudcare-tools/datakit/plugins/inputs/redis/input.go:277.58,285.2 1 0
gitlab.jiagouyun.com/cloudcare-tools/datakit/plugins/inputs/redis/input.go:287.13,288.44 1 1
gitlab.jiagouyun.com/cloudcare-tools/datakit/plugins/inputs/redis/input.go:288.44,290.3 1 0
gitlab.jiagouyun.com/cloudcare-tools/datakit/plugins/inputs/redis/redisInfo.go:23.58,25.2 1 1
gitlab.jiagouyun.com/cloudcare-tools/datakit/plugins/inputs/redis/redisInfo.go:28.58,333.2 1 1
gitlab.jiagouyun.com/cloudcare-tools/datakit/plugins/inputs/redis/redisInfo.go:336.43,339.16 3 1
gitlab.jiagouyun.com/cloudcare-tools/datakit/plugins/inputs/redis/redisInfo.go:343.2,348.46 4 1
gitlab.jiagouyun.com/cloudcare-tools/datakit/plugins/inputs/redis/redisInfo.go:353.2,353.12 1 1
gitlab.jiagouyun.com/cloudcare-tools/datakit/plugins/inputs/redis/redisInfo.go:339.16,342.3 2 0
gitlab.jiagouyun.com/cloudcare-tools/datakit/plugins/inputs/redis/redisInfo.go:348.46,351.3 2 0
gitlab.jiagouyun.com/cloudcare-tools/datakit/plugins/inputs/redis/redisInfo.go:357.60,361.21 3 1
gitlab.jiagouyun.com/cloudcare-tools/datakit/plugins/inputs/redis/redisInfo.go:379.2,379.12 1 1
gitlab.jiagouyun.com/cloudcare-tools/datakit/plugins/inputs/redis/redisInfo.go:361.21,364.39 2 1
gitlab.jiagouyun.com/cloudcare-tools/datakit/plugins/inputs/redis/redisInfo.go:368.3,369.21 2 1
gitlab.jiagouyun.com/cloudcare-tools/datakit/plugins/inputs/redis/redisInfo.go:373.3,376.23 3 1
gitlab.jiagouyun.com/cloudcare-tools/datakit/plugins/inputs/redis/redisInfo.go:364.39,365.12 1 1
gitlab.jiagouyun.com/cloudcare-tools/datakit/plugins/inputs/redis/redisInfo.go:369.21,370.12 1 0
gitlab.jiagouyun.com/cloudcare-tools/datakit/plugins/inputs/redis/redisInfo.go:383.42,385.43 2 1
gitlab.jiagouyun.com/cloudcare-tools/datakit/plugins/inputs/redis/redisInfo.go:397.2,397.12 1 1
gitlab.jiagouyun.com/cloudcare-tools/datakit/plugins/inputs/redis/redisInfo.go:385.43,386.38 1 1
gitlab.jiagouyun.com/cloudcare-tools/datakit/plugins/inputs/redis/redisInfo.go:386.38,388.18 2 1
gitlab.jiagouyun.com/cloudcare-tools/datakit/plugins/inputs/redis/redisInfo.go:388.18,391.5 2 0
gitlab.jiagouyun.com/cloudcare-tools/datakit/plugins/inputs/redis/redisInfo.go:391.10,393.5 1 1
gitlab.jiagouyun.com/cloudcare-tools/datakit/plugins/inputs/redis/slowlog.go:23.61,25.2 1 1
gitlab.jiagouyun.com/cloudcare-tools/datakit/plugins/inputs/redis/slowlog.go:27.61,43.2 1 0
gitlab.jiagouyun.com/cloudcare-tools/datakit/plugins/inputs/redis/slowlog.go:46.70,51.16 4 1
gitlab.jiagouyun.com/cloudcare-tools/datakit/plugins/inputs/redis/slowlog.go:55.2,56.51 2 1
gitlab.jiagouyun.com/cloudcare-tools/datakit/plugins/inputs/redis/slowlog.go:83.2,86.37 3 1
gitlab.jiagouyun.com/cloudcare-tools/datakit/plugins/inputs/redis/slowlog.go:51.16,53.3 1 0
gitlab.jiagouyun.com/cloudcare-tools/datakit/plugins/inputs/redis/slowlog.go:56.51,57.47 1 0
gitlab.jiagouyun.com/cloudcare-tools/datakit/plugins/inputs/redis/slowlog.go:57.47,58.39 1 0
gitlab.jiagouyun.com/cloudcare-tools/datakit/plugins/inputs/redis/slowlog.go:62.4,63.50 2 0
gitlab.jiagouyun.com/cloudcare-tools/datakit/plugins/inputs/redis/slowlog.go:66.4,66.25 1 0
gitlab.jiagouyun.com/cloudcare-tools/datakit/plugins/inputs/redis/slowlog.go:69.4,72.47 3 0
gitlab.jiagouyun.com/cloudcare-tools/datakit/plugins/inputs/redis/slowlog.go:78.4,79.41 2 0
gitlab.jiagouyun.com/cloudcare-tools/datakit/plugins/inputs/redis/slowlog.go:58.39,60.5 1 0
gitlab.jiagouyun.com/cloudcare-tools/datakit/plugins/inputs/redis/slowlog.go:63.50,64.13 1 0
gitlab.jiagouyun.com/cloudcare-tools/datakit/plugins/inputs/redis/slowlog.go:66.25,68.5 1 0
gitlab.jiagouyun.com/cloudcare-tools/datakit/plugins/inputs/redis/slowlog.go:72.47,73.29 1 0
gitlab.jiagouyun.com/cloudcare-tools/datakit/plugins/inputs/redis/slowlog.go:73.29,75.6 1 0
gitlab.jiagouyun.com/cloudcare-tools/datakit/plugins/inputs/redis/util.go:11.48,14.2 2 1
gitlab.jiagouyun.com/cloudcare-tools/datakit/plugins/inputs/redis/util.go:16.28,18.2 1 1
gitlab.jiagouyun.com/cloudcare-tools/datakit/plugins/inputs/redis/util.go:20.66,26.18 2 1
gitlab.jiagouyun.com/cloudcare-tools/datakit/plugins/inputs/redis/util.go:37.2,37.17 1 1
gitlab.jiagouyun.com/cloudcare-tools/datakit/plugins/inputs/redis/util.go:27.20,28.34 1 1
gitlab.jiagouyun.com/cloudcare-tools/datakit/plugins/inputs/redis/util.go:29.18,30.32 1 1
gitlab.jiagouyun.com/cloudcare-tools/datakit/plugins/inputs/redis/util.go:31.19,32.31 1 1
gitlab.jiagouyun.com/cloudcare-tools/datakit/plugins/inputs/redis/util.go:33.21,34.33 1 1
gitlab.jiagouyun.com/cloudcare-tools/datakit/plugins/inputs/redis/bigKey.go:19.60,21.2 1 0
gitlab.jiagouyun.com/cloudcare-tools/datakit/plugins/inputs/redis/bigKey.go:23.60,45.2 1 0
gitlab.jiagouyun.com/cloudcare-tools/datakit/plugins/inputs/redis/bigKey.go:47.45,49.33 2 1
gitlab.jiagouyun.com/cloudcare-tools/datakit/plugins/inputs/redis/bigKey.go:67.2,67.17 1 1
gitlab.jiagouyun.com/cloudcare-tools/datakit/plugins/inputs/redis/bigKey.go:49.33,51.7 2 1
gitlab.jiagouyun.com/cloudcare-tools/datakit/plugins/inputs/redis/bigKey.go:51.7,55.18 4 1
gitlab.jiagouyun.com/cloudcare-tools/datakit/plugins/inputs/redis/bigKey.go:60.4,61.19 2 1
gitlab.jiagouyun.com/cloudcare-tools/datakit/plugins/inputs/redis/bigKey.go:55.18,58.5 2 0
gitlab.jiagouyun.com/cloudcare-tools/datakit/plugins/inputs/redis/bigKey.go:61.19,62.10 1 1
gitlab.jiagouyun.com/cloudcare-tools/datakit/plugins/inputs/redis/bigKey.go:71.73,74.30 2 1
gitlab.jiagouyun.com/cloudcare-tools/datakit/plugins/inputs/redis/bigKey.go:118.2,118.26 1 1
gitlab.jiagouyun.com/cloudcare-tools/datakit/plugins/inputs/redis/bigKey.go:74.30,83.34 3 1
gitlab.jiagouyun.com/cloudcare-tools/datakit/plugins/inputs/redis/bigKey.go:87.3,97.5 3 1
gitlab.jiagouyun.com/cloudcare-tools/datakit/plugins/inputs/redis/bigKey.go:105.3,105.13 1 1
gitlab.jiagouyun.com/cloudcare-tools/datakit/plugins/inputs/redis/bigKey.go:113.3,113.24 1 1
gitlab.jiagouyun.com/cloudcare-tools/datakit/plugins/inputs/redis/bigKey.go:83.34,85.4 1 1
gitlab.jiagouyun.com/cloudcare-tools/datakit/plugins/inputs/redis/bigKey.go:97.5,98.75 1 1
gitlab.jiagouyun.com/cloudcare-tools/datakit/plugins/inputs/redis/bigKey.go:98.75,101.10 3 1
gitlab.jiagouyun.com/cloudcare-tools/datakit/plugins/inputs/redis/bigKey.go:105.13,106.27 1 0
gitlab.jiagouyun.com/cloudcare-tools/datakit/plugins/inputs/redis/bigKey.go:110.4,110.32 1 0
gitlab.jiagouyun.com/cloudcare-tools/datakit/plugins/inputs/redis/bigKey.go:106.27,108.5 1 0
gitlab.jiagouyun.com/cloudcare-tools/datakit/plugins/inputs/redis/bigKey.go:113.24,115.4 1 1
gitlab.jiagouyun.com/cloudcare-tools/datakit/plugins/inputs/redis/db.go:23.56,25.2 1 1
gitlab.jiagouyun.com/cloudcare-tools/datakit/plugins/inputs/redis/db.go:27.56,53.2 1 1
gitlab.jiagouyun.com/cloudcare-tools/datakit/plugins/inputs/redis/db.go:55.70,63.36 2 1
gitlab.jiagouyun.com/cloudcare-tools/datakit/plugins/inputs/redis/db.go:67.2,69.37 2 1
gitlab.jiagouyun.com/cloudcare-tools/datakit/plugins/inputs/redis/db.go:63.36,65.3 1 0
gitlab.jiagouyun.com/cloudcare-tools/datakit/plugins/inputs/redis/db.go:73.41,75.16 2 1
gitlab.jiagouyun.com/cloudcare-tools/datakit/plugins/inputs/redis/db.go:79.2,79.30 1 1
gitlab.jiagouyun.com/cloudcare-tools/datakit/plugins/inputs/redis/db.go:75.16,77.3 1 0
gitlab.jiagouyun.com/cloudcare-tools/datakit/plugins/inputs/redis/db.go:83.58,87.21 3 1
gitlab.jiagouyun.com/cloudcare-tools/datakit/plugins/inputs/redis/db.go:115.2,115.12 1 1
gitlab.jiagouyun.com/cloudcare-tools/datakit/plugins/inputs/redis/db.go:87.21,90.39 2 1
gitlab.jiagouyun.com/cloudcare-tools/datakit/plugins/inputs/redis/db.go:94.3,95.21 2 1
gitlab.jiagouyun.com/cloudcare-tools/datakit/plugins/inputs/redis/db.go:100.3,105.36 4 1
gitlab.jiagouyun.com/cloudcare-tools/datakit/plugins/inputs/redis/db.go:90.39,91.12 1 1
gitlab.jiagouyun.com/cloudcare-tools/datakit/plugins/inputs/redis/db.go:95.21,96.12 1 0
gitlab.jiagouyun.com/cloudcare-tools/datakit/plugins/inputs/redis/db.go:105.36,112.4 4 1
gitlab.jiagouyun.com/cloudcare-tools/datakit/plugins/inputs/redis/db.go:119.64,121.43 2 1
gitlab.jiagouyun.com/cloudcare-tools/datakit/plugins/inputs/redis/db.go:133.2,133.37 1 1
gitlab.jiagouyun.com/cloudcare-tools/datakit/plugins/inputs/redis/db.go:121.43,122.38 1 1
gitlab.jiagouyun.com/cloudcare-tools/datakit/plugins/inputs/redis/db.go:122.38,124.18 2 1
gitlab.jiagouyun.com/cloudcare-tools/datakit/plugins/inputs/redis/db.go:124.18,127.5 2 0
gitlab.jiagouyun.com/cloudcare-tools/datakit/plugins/inputs/redis/db.go:127.10,129.5 1 1
gitlab.jiagouyun.com/cloudcare-tools/datakit/plugins/inputs/redis/replica.go:26.61,28.2 1 1
gitlab.jiagouyun.com/cloudcare-tools/datakit/plugins/inputs/redis/replica.go:30.61,51.2 1 1
gitlab.jiagouyun.com/cloudcare-tools/datakit/plugins/inputs/redis/replica.go:53.75,61.36 2 1
gitlab.jiagouyun.com/cloudcare-tools/datakit/plugins/inputs/redis/replica.go:65.2,67.37 2 1
gitlab.jiagouyun.com/cloudcare-tools/datakit/plugins/inputs/redis/replica.go:61.36,63.3 1 0
gitlab.jiagouyun.com/cloudcare-tools/datakit/plugins/inputs/redis/replica.go:71.46,73.16 2 1
gitlab.jiagouyun.com/cloudcare-tools/datakit/plugins/inputs/redis/replica.go:77.2,79.12 2 1
gitlab.jiagouyun.com/cloudcare-tools/datakit/plugins/inputs/redis/replica.go:73.16,75.3 1 0
gitlab.jiagouyun.com/cloudcare-tools/datakit/plugins/inputs/redis/replica.go:83.63,91.21 6 1
gitlab.jiagouyun.com/cloudcare-tools/datakit/plugins/inputs/redis/replica.go:160.2,160.12 1 1
gitlab.jiagouyun.com/cloudcare-tools/datakit/plugins/inputs/redis/replica.go:91.21,94.39 2 1
gitlab.jiagouyun.com/cloudcare-tools/datakit/plugins/inputs/redis/replica.go:98.3,99.22 2 1
gitlab.jiagouyun.com/cloudcare-tools/datakit/plugins/inputs/redis/replica.go:104.3,106.34 2 1
gitlab.jiagouyun.com/cloudcare-tools/datakit/plugins/inputs/redis/replica.go:110.3,110.46 1 1
gitlab.jiagouyun.com/cloudcare-tools/datakit/plugins/inputs/redis/replica.go:114.3,114.34 1 1
gitlab.jiagouyun.com/cloudcare-tools/datakit/plugins/inputs/redis/replica.go:118.3,118.56 1 1
gitlab.jiagouyun.com/cloudcare-tools/datakit/plugins/inputs/redis/replica.go:147.3,151.17 4 1
gitlab.jiagouyun.com/cloudcare-tools/datakit/plugins/inputs/redis/replica.go:155.3,155.25 1 1
gitlab.jiagouyun.com/cloudcare-tools/datakit/plugins/inputs/redis/replica.go:94.39,95.12 1 1
gitlab.jiagouyun.com/cloudcare-tools/datakit/plugins/inputs/redis/replica.go:99.22,100.12 1 0
gitlab.jiagouyun.com/cloudcare-tools/datakit/plugins/inputs/redis/replica.go:106.34,108.4 1 0
gitlab.jiagouyun.com/cloudcare-tools/datakit/plugins/inputs/redis/replica.go:110.46,112.4 1 0
gitlab.jiagouyun.com/cloudcare-tools/datakit/plugins/inputs/redis/replica.go:114.34,116.4 1 0
gitlab.jiagouyun.com/cloudcare-tools/datakit/plugins/inputs/redis/replica.go:118.56,121.20 3 0
gitlab.jiagouyun.com/cloudcare-tools/datakit/plugins/inputs/redis/replica.go:125.4,126.23 2 0
gitlab.jiagouyun.com/cloudcare-tools/datakit/plugins/inputs/redis/replica.go:130.4,133.18 3 0
gitlab.jiagouyun.com/cloudcare-tools/datakit/plugins/inputs/redis/replica.go:137.4,140.18 3 0
gitlab.jiagouyun.com/cloudcare-tools/datakit/plugins/inputs/redis/replica.go:144.4,144.53 1 0
gitlab.jiagouyun.com/cloudcare-tools/datakit/plugins/inputs/redis/replica.go:121.20,122.13 1 0
gitlab.jiagouyun.com/cloudcare-tools/datakit/plugins/inputs/redis/replica.go:126.23,128.13 2 0
gitlab.jiagouyun.com/cloudcare-tools/datakit/plugins/inputs/redis/replica.go:133.18,135.13 2 0
gitlab.jiagouyun.com/cloudcare-tools/datakit/plugins/inputs/redis/replica.go:140.18,142.13 2 0
gitlab.jiagouyun.com/cloudcare-tools/datakit/plugins/inputs/redis/replica.go:151.17,153.4 1 1
gitlab.jiagouyun.com/cloudcare-tools/datakit/plugins/inputs/redis/replica.go:155.25,157.4 1 0
gitlab.jiagouyun.com/cloudcare-tools/datakit/plugins/inputs/redis/replica.go:164.45,166.43 2 1
gitlab.jiagouyun.com/cloudcare-tools/datakit/plugins/inputs/redis/replica.go:178.2,178.12 1 1
gitlab.jiagouyun.com/cloudcare-tools/datakit/plugins/inputs/redis/replica.go:166.43,167.38 1 1
gitlab.jiagouyun.com/cloudcare-tools/datakit/plugins/inputs/redis/replica.go:167.38,169.18 2 0
gitlab.jiagouyun.com/cloudcare-tools/datakit/plugins/inputs/redis/replica.go:169.18,172.5 2 0
gitlab.jiagouyun.com/cloudcare-tools/datakit/plugins/inputs/redis/replica.go:172.10,174.5 1 0
gitlab.jiagouyun.com/cloudcare-tools/datakit/plugins/inputs/redis/client.go:21.60,23.2 1 1
gitlab.jiagouyun.com/cloudcare-tools/datakit/plugins/inputs/redis/client.go:25.60,80.2 1 1
gitlab.jiagouyun.com/cloudcare-tools/datakit/plugins/inputs/redis/client.go:83.76,88.21 4 1
gitlab.jiagouyun.com/cloudcare-tools/datakit/plugins/inputs/redis/client.go:139.2,139.26 1 1
gitlab.jiagouyun.com/cloudcare-tools/datakit/plugins/inputs/redis/client.go:88.21,91.39 2 1
gitlab.jiagouyun.com/cloudcare-tools/datakit/plugins/inputs/redis/client.go:95.3,96.22 2 1
gitlab.jiagouyun.com/cloudcare-tools/datakit/plugins/inputs/redis/client.go:100.3,107.34 2 1
gitlab.jiagouyun.com/cloudcare-tools/datakit/plugins/inputs/redis/client.go:111.3,111.30 1 1
gitlab.jiagouyun.com/cloudcare-tools/datakit/plugins/inputs/redis/client.go:128.3,130.36 2 1
gitlab.jiagouyun.com/cloudcare-tools/datakit/plugins/inputs/redis/client.go:134.3,134.24 1 1
gitlab.jiagouyun.com/cloudcare-tools/datakit/plugins/inputs/redis/client.go:91.39,92.12 1 0
gitlab.jiagouyun.com/cloudcare-tools/datakit/plugins/inputs/redis/client.go:96.22,97.12 1 0
gitlab.jiagouyun.com/cloudcare-tools/datakit/plugins/inputs/redis/client.go:107.34,109.4 1 1
gitlab.jiagouyun.com/cloudcare-tools/datakit/plugins/inputs/redis/client.go:111.30,117.21 4 1
gitlab.jiagouyun.com/cloudcare-tools/datakit/plugins/inputs/redis/client.go:117.21,118.18 1 1
gitlab.jiagouyun.com/cloudcare-tools/datakit/plugins/inputs/redis/client.go:123.5,123.25 1 1
gitlab.jiagouyun.com/cloudcare-tools/datakit/plugins/inputs/redis/client.go:118.18,120.6 1 1
gitlab.jiagouyun.com/cloudcare-tools/datakit/plugins/inputs/redis/client.go:120.11,122.6 1 0
gitlab.jiagouyun.com/cloudcare-tools/datakit/plugins/inputs/redis/client.go:124.10,126.5 1 1
gitlab.jiagouyun.com/cloudcare-tools/datakit/plugins/inputs/redis/client.go:130.36,132.4 1 0
gitlab.jiagouyun.com/cloudcare-tools/datakit/plugins/inputs/redis/client.go:134.24,136.4 1 1
gitlab.jiagouyun.com/cloudcare-tools/datakit/plugins/inputs/redis/client.go:143.44,145.43 2 1
gitlab.jiagouyun.com/cloudcare-tools/datakit/plugins/inputs/redis/client.go:157.2,157.12 1 1
gitlab.jiagouyun.com/cloudcare-tools/datakit/plugins/inputs/redis/client.go:145.43,146.38 1 1
gitlab.jiagouyun.com/cloudcare-tools/datakit/plugins/inputs/redis/client.go:146.38,148.18 2 1
gitlab.jiagouyun.com/cloudcare-tools/datakit/plugins/inputs/redis/client.go:148.18,151.5 2 0
gitlab.jiagouyun.com/cloudcare-tools/datakit/plugins/inputs/redis/client.go:151.10,153.5 1 1
