mode: set
gitlab.jiagouyun.com/cloudcare-tools/datakit/plugins/inputs/mysql/base.go:23.58,25.2 1 1
gitlab.jiagouyun.com/cloudcare-tools/datakit/plugins/inputs/mysql/base.go:28.58,503.2 1 1
gitlab.jiagouyun.com/cloudcare-tools/datakit/plugins/inputs/mysql/base.go:506.45,507.38 1 1
gitlab.jiagouyun.com/cloudcare-tools/datakit/plugins/inputs/mysql/base.go:512.2,514.16 3 1
gitlab.jiagouyun.com/cloudcare-tools/datakit/plugins/inputs/mysql/base.go:519.2,521.18 2 1
gitlab.jiagouyun.com/cloudcare-tools/datakit/plugins/inputs/mysql/base.go:533.2,533.12 1 1
gitlab.jiagouyun.com/cloudcare-tools/datakit/plugins/inputs/mysql/base.go:507.38,510.3 2 0
gitlab.jiagouyun.com/cloudcare-tools/datakit/plugins/inputs/mysql/base.go:514.16,517.3 2 0
gitlab.jiagouyun.com/cloudcare-tools/datakit/plugins/inputs/mysql/base.go:521.18,525.45 3 1
gitlab.jiagouyun.com/cloudcare-tools/datakit/plugins/inputs/mysql/base.go:530.3,530.32 1 1
gitlab.jiagouyun.com/cloudcare-tools/datakit/plugins/inputs/mysql/base.go:525.45,527.12 1 0
gitlab.jiagouyun.com/cloudcare-tools/datakit/plugins/inputs/mysql/base.go:537.48,540.16 3 1
gitlab.jiagouyun.com/cloudcare-tools/datakit/plugins/inputs/mysql/base.go:544.2,546.18 2 1
gitlab.jiagouyun.com/cloudcare-tools/datakit/plugins/inputs/mysql/base.go:556.2,556.12 1 1
gitlab.jiagouyun.com/cloudcare-tools/datakit/plugins/inputs/mysql/base.go:540.16,543.3 2 0
gitlab.jiagouyun.com/cloudcare-tools/datakit/plugins/inputs/mysql/base.go:546.18,550.45 3 1
gitlab.jiagouyun.com/cloudcare-tools/datakit/plugins/inputs/mysql/base.go:553.3,553.32 1 1
gitlab.jiagouyun.com/cloudcare-tools/datakit/plugins/inputs/mysql/base.go:550.45,551.12 1 0
gitlab.jiagouyun.com/cloudcare-tools/datakit/plugins/inputs/mysql/base.go:560.47,563.16 3 1
gitlab.jiagouyun.com/cloudcare-tools/datakit/plugins/inputs/mysql/base.go:567.2,570.18 3 1
gitlab.jiagouyun.com/cloudcare-tools/datakit/plugins/inputs/mysql/base.go:585.2,585.12 1 1
gitlab.jiagouyun.com/cloudcare-tools/datakit/plugins/inputs/mysql/base.go:563.16,566.3 2 0
gitlab.jiagouyun.com/cloudcare-tools/datakit/plugins/inputs/mysql/base.go:570.18,574.45 3 1
gitlab.jiagouyun.com/cloudcare-tools/datakit/plugins/inputs/mysql/base.go:578.3,582.57 3 1
gitlab.jiagouyun.com/cloudcare-tools/datakit/plugins/inputs/mysql/base.go:574.45,575.12 1 0
gitlab.jiagouyun.com/cloudcare-tools/datakit/plugins/inputs/mysql/base.go:589.42,591.43 2 1
gitlab.jiagouyun.com/cloudcare-tools/datakit/plugins/inputs/mysql/base.go:604.2,604.12 1 1
gitlab.jiagouyun.com/cloudcare-tools/datakit/plugins/inputs/mysql/base.go:591.43,592.38 1 1
gitlab.jiagouyun.com/cloudcare-tools/datakit/plugins/inputs/mysql/base.go:592.38,594.18 2 1
gitlab.jiagouyun.com/cloudcare-tools/datakit/plugins/inputs/mysql/base.go:594.18,598.5 3 0
gitlab.jiagouyun.com/cloudcare-tools/datakit/plugins/inputs/mysql/base.go:598.10,600.5 1 1
gitlab.jiagouyun.com/cloudcare-tools/datakit/plugins/inputs/mysql/customer.go:24.62,26.2 1 1
gitlab.jiagouyun.com/cloudcare-tools/datakit/plugins/inputs/mysql/customer.go:29.62,38.2 1 0
gitlab.jiagouyun.com/cloudcare-tools/datakit/plugins/inputs/mysql/customer.go:40.73,43.31 2 1
gitlab.jiagouyun.com/cloudcare-tools/datakit/plugins/inputs/mysql/customer.go:57.2,57.16 1 1
gitlab.jiagouyun.com/cloudcare-tools/datakit/plugins/inputs/mysql/customer.go:43.31,45.17 2 1
gitlab.jiagouyun.com/cloudcare-tools/datakit/plugins/inputs/mysql/customer.go:50.3,51.17 2 1
gitlab.jiagouyun.com/cloudcare-tools/datakit/plugins/inputs/mysql/customer.go:55.3,55.24 1 1
gitlab.jiagouyun.com/cloudcare-tools/datakit/plugins/inputs/mysql/customer.go:45.17,48.4 2 0
gitlab.jiagouyun.com/cloudcare-tools/datakit/plugins/inputs/mysql/customer.go:51.17,53.4 1 0
gitlab.jiagouyun.com/cloudcare-tools/datakit/plugins/inputs/mysql/customer.go:61.65,65.30 2 1
gitlab.jiagouyun.com/cloudcare-tools/datakit/plugins/inputs/mysql/customer.go:111.2,111.16 1 1
gitlab.jiagouyun.com/cloudcare-tools/datakit/plugins/inputs/mysql/customer.go:65.30,72.34 2 1
gitlab.jiagouyun.com/cloudcare-tools/datakit/plugins/inputs/mysql/customer.go:76.3,76.46 1 1
gitlab.jiagouyun.com/cloudcare-tools/datakit/plugins/inputs/mysql/customer.go:86.3,86.45 1 1
gitlab.jiagouyun.com/cloudcare-tools/datakit/plugins/inputs/mysql/customer.go:101.3,101.47 1 1
gitlab.jiagouyun.com/cloudcare-tools/datakit/plugins/inputs/mysql/customer.go:104.3,106.24 2 1
gitlab.jiagouyun.com/cloudcare-tools/datakit/plugins/inputs/mysql/customer.go:72.34,74.4 1 1
gitlab.jiagouyun.com/cloudcare-tools/datakit/plugins/inputs/mysql/customer.go:76.46,77.34 1 1
gitlab.jiagouyun.com/cloudcare-tools/datakit/plugins/inputs/mysql/customer.go:83.4,83.19 1 1
gitlab.jiagouyun.com/cloudcare-tools/datakit/plugins/inputs/mysql/customer.go:77.34,78.37 1 1
gitlab.jiagouyun.com/cloudcare-tools/datakit/plugins/inputs/mysql/customer.go:78.37,81.6 2 1
gitlab.jiagouyun.com/cloudcare-tools/datakit/plugins/inputs/mysql/customer.go:86.45,87.34 1 0
gitlab.jiagouyun.com/cloudcare-tools/datakit/plugins/inputs/mysql/customer.go:94.4,94.36 1 0
gitlab.jiagouyun.com/cloudcare-tools/datakit/plugins/inputs/mysql/customer.go:87.34,88.37 1 0
gitlab.jiagouyun.com/cloudcare-tools/datakit/plugins/inputs/mysql/customer.go:88.37,91.6 2 0
gitlab.jiagouyun.com/cloudcare-tools/datakit/plugins/inputs/mysql/customer.go:94.36,95.37 1 0
gitlab.jiagouyun.com/cloudcare-tools/datakit/plugins/inputs/mysql/customer.go:95.37,97.6 1 0
gitlab.jiagouyun.com/cloudcare-tools/datakit/plugins/inputs/mysql/customer.go:101.47,103.4 1 0
gitlab.jiagouyun.com/cloudcare-tools/datakit/plugins/inputs/mysql/customer.go:106.24,108.4 1 1
gitlab.jiagouyun.com/cloudcare-tools/datakit/plugins/inputs/mysql/customer.go:114.69,116.16 2 1
gitlab.jiagouyun.com/cloudcare-tools/datakit/plugins/inputs/mysql/customer.go:119.2,124.28 5 1
gitlab.jiagouyun.com/cloudcare-tools/datakit/plugins/inputs/mysql/customer.go:128.2,129.18 2 1
gitlab.jiagouyun.com/cloudcare-tools/datakit/plugins/inputs/mysql/customer.go:162.2,162.18 1 1
gitlab.jiagouyun.com/cloudcare-tools/datakit/plugins/inputs/mysql/customer.go:116.16,118.3 1 0
gitlab.jiagouyun.com/cloudcare-tools/datakit/plugins/inputs/mysql/customer.go:124.28,127.3 2 1
gitlab.jiagouyun.com/cloudcare-tools/datakit/plugins/inputs/mysql/customer.go:129.18,133.30 3 1
gitlab.jiagouyun.com/cloudcare-tools/datakit/plugins/inputs/mysql/customer.go:160.3,160.28 1 1
gitlab.jiagouyun.com/cloudcare-tools/datakit/plugins/inputs/mysql/customer.go:133.30,137.18 3 1
gitlab.jiagouyun.com/cloudcare-tools/datakit/plugins/inputs/mysql/customer.go:137.18,140.27 2 1
gitlab.jiagouyun.com/cloudcare-tools/datakit/plugins/inputs/mysql/customer.go:141.18,142.29 1 0
gitlab.jiagouyun.com/cloudcare-tools/datakit/plugins/inputs/mysql/customer.go:143.19,146.20 3 0
gitlab.jiagouyun.com/cloudcare-tools/datakit/plugins/inputs/mysql/customer.go:149.6,149.22 1 0
gitlab.jiagouyun.com/cloudcare-tools/datakit/plugins/inputs/mysql/customer.go:150.22,151.33 1 0
gitlab.jiagouyun.com/cloudcare-tools/datakit/plugins/inputs/mysql/customer.go:152.20,153.39 1 1
gitlab.jiagouyun.com/cloudcare-tools/datakit/plugins/inputs/mysql/customer.go:154.13,155.69 1 0
gitlab.jiagouyun.com/cloudcare-tools/datakit/plugins/inputs/mysql/customer.go:146.20,148.7 1 0
gitlab.jiagouyun.com/cloudcare-tools/datakit/plugins/inputs/mysql/innodb.go:18.60,20.2 1 1
gitlab.jiagouyun.com/cloudcare-tools/datakit/plugins/inputs/mysql/innodb.go:23.60,426.2 1 0
gitlab.jiagouyun.com/cloudcare-tools/datakit/plugins/inputs/mysql/innodb.go:429.59,430.36 1 1
gitlab.jiagouyun.com/cloudcare-tools/datakit/plugins/inputs/mysql/innodb.go:435.2,441.16 4 1
gitlab.jiagouyun.com/cloudcare-tools/datakit/plugins/inputs/mysql/innodb.go:445.2,454.33 4 1
gitlab.jiagouyun.com/cloudcare-tools/datakit/plugins/inputs/mysql/innodb.go:458.2,458.18 1 1
gitlab.jiagouyun.com/cloudcare-tools/datakit/plugins/inputs/mysql/innodb.go:473.2,475.26 2 1
gitlab.jiagouyun.com/cloudcare-tools/datakit/plugins/inputs/mysql/innodb.go:430.36,433.3 2 0
gitlab.jiagouyun.com/cloudcare-tools/datakit/plugins/inputs/mysql/innodb.go:441.16,444.3 2 0
gitlab.jiagouyun.com/cloudcare-tools/datakit/plugins/inputs/mysql/innodb.go:454.33,456.3 1 1
gitlab.jiagouyun.com/cloudcare-tools/datakit/plugins/inputs/mysql/innodb.go:458.18,461.45 3 1
gitlab.jiagouyun.com/cloudcare-tools/datakit/plugins/inputs/mysql/innodb.go:465.3,466.17 2 1
gitlab.jiagouyun.com/cloudcare-tools/datakit/plugins/inputs/mysql/innodb.go:461.45,462.12 1 0
gitlab.jiagouyun.com/cloudcare-tools/datakit/plugins/inputs/mysql/innodb.go:466.17,468.4 1 0
gitlab.jiagouyun.com/cloudcare-tools/datakit/plugins/inputs/mysql/innodb.go:468.8,470.4 1 1
gitlab.jiagouyun.com/cloudcare-tools/datakit/plugins/inputs/mysql/input.go:84.39,93.18 2 1
gitlab.jiagouyun.com/cloudcare-tools/datakit/plugins/inputs/mysql/input.go:101.2,104.28 2 1
gitlab.jiagouyun.com/cloudcare-tools/datakit/plugins/inputs/mysql/input.go:109.2,109.21 1 1
gitlab.jiagouyun.com/cloudcare-tools/datakit/plugins/inputs/mysql/input.go:114.2,114.24 1 1
gitlab.jiagouyun.com/cloudcare-tools/datakit/plugins/inputs/mysql/input.go:93.18,96.3 2 0
gitlab.jiagouyun.com/cloudcare-tools/datakit/plugins/inputs/mysql/input.go:96.8,100.3 3 1
gitlab.jiagouyun.com/cloudcare-tools/datakit/plugins/inputs/mysql/input.go:104.28,106.3 1 0
gitlab.jiagouyun.com/cloudcare-tools/datakit/plugins/inputs/mysql/input.go:109.21,111.3 1 0
gitlab.jiagouyun.com/cloudcare-tools/datakit/plugins/inputs/mysql/input.go:117.52,123.2 2 0
gitlab.jiagouyun.com/cloudcare-tools/datakit/plugins/inputs/mysql/input.go:125.33,130.16 4 1
gitlab.jiagouyun.com/cloudcare-tools/datakit/plugins/inputs/mysql/input.go:137.2,138.12 2 1
gitlab.jiagouyun.com/cloudcare-tools/datakit/plugins/inputs/mysql/input.go:130.16,133.3 2 0
gitlab.jiagouyun.com/cloudcare-tools/datakit/plugins/inputs/mysql/input.go:133.8,135.3 1 1
gitlab.jiagouyun.com/cloudcare-tools/datakit/plugins/inputs/mysql/input.go:141.29,144.2 2 1
gitlab.jiagouyun.com/cloudcare-tools/datakit/plugins/inputs/mysql/input.go:146.33,147.33 1 1
gitlab.jiagouyun.com/cloudcare-tools/datakit/plugins/inputs/mysql/input.go:162.2,162.12 1 1
gitlab.jiagouyun.com/cloudcare-tools/datakit/plugins/inputs/mysql/input.go:147.33,148.33 1 0
gitlab.jiagouyun.com/cloudcare-tools/datakit/plugins/inputs/mysql/input.go:148.33,150.4 1 0
gitlab.jiagouyun.com/cloudcare-tools/datakit/plugins/inputs/mysql/input.go:150.9,151.19 1 0
gitlab.jiagouyun.com/cloudcare-tools/datakit/plugins/inputs/mysql/input.go:151.19,155.64 1 0
gitlab.jiagouyun.com/cloudcare-tools/datakit/plugins/inputs/mysql/input.go:155.64,157.6 1 0
gitlab.jiagouyun.com/cloudcare-tools/datakit/plugins/inputs/mysql/input.go:166.72,175.33 3 1
gitlab.jiagouyun.com/cloudcare-tools/datakit/plugins/inputs/mysql/input.go:179.2,179.38 1 1
gitlab.jiagouyun.com/cloudcare-tools/datakit/plugins/inputs/mysql/input.go:183.2,183.41 1 1
gitlab.jiagouyun.com/cloudcare-tools/datakit/plugins/inputs/mysql/input.go:190.2,190.66 1 1
gitlab.jiagouyun.com/cloudcare-tools/datakit/plugins/inputs/mysql/input.go:194.2,194.35 1 1
gitlab.jiagouyun.com/cloudcare-tools/datakit/plugins/inputs/mysql/input.go:200.2,200.17 1 0
gitlab.jiagouyun.com/cloudcare-tools/datakit/plugins/inputs/mysql/input.go:175.33,177.3 1 1
gitlab.jiagouyun.com/cloudcare-tools/datakit/plugins/inputs/mysql/input.go:179.38,181.3 1 0
gitlab.jiagouyun.com/cloudcare-tools/datakit/plugins/inputs/mysql/input.go:183.41,185.3 1 0
gitlab.jiagouyun.com/cloudcare-tools/datakit/plugins/inputs/mysql/input.go:190.66,192.3 1 1
gitlab.jiagouyun.com/cloudcare-tools/datakit/plugins/inputs/mysql/input.go:194.35,195.24 1 1
gitlab.jiagouyun.com/cloudcare-tools/datakit/plugins/inputs/mysql/input.go:195.24,197.4 1 1
gitlab.jiagouyun.com/cloudcare-tools/datakit/plugins/inputs/mysql/input.go:204.74,206.2 1 1
gitlab.jiagouyun.com/cloudcare-tools/datakit/plugins/inputs/mysql/input.go:209.74,211.16 2 1
gitlab.jiagouyun.com/cloudcare-tools/datakit/plugins/inputs/mysql/input.go:215.2,216.16 2 1
gitlab.jiagouyun.com/cloudcare-tools/datakit/plugins/inputs/mysql/input.go:220.2,220.29 1 1
gitlab.jiagouyun.com/cloudcare-tools/datakit/plugins/inputs/mysql/input.go:211.16,213.3 1 0
gitlab.jiagouyun.com/cloudcare-tools/datakit/plugins/inputs/mysql/input.go:216.16,218.3 1 0
gitlab.jiagouyun.com/cloudcare-tools/datakit/plugins/inputs/mysql/input.go:223.50,225.27 1 0
gitlab.jiagouyun.com/cloudcare-tools/datakit/plugins/inputs/mysql/input.go:229.2,229.18 1 0
gitlab.jiagouyun.com/cloudcare-tools/datakit/plugins/inputs/mysql/input.go:253.2,253.12 1 0
gitlab.jiagouyun.com/cloudcare-tools/datakit/plugins/inputs/mysql/input.go:225.27,227.3 1 0
gitlab.jiagouyun.com/cloudcare-tools/datakit/plugins/inputs/mysql/input.go:229.18,231.27 2 0
gitlab.jiagouyun.com/cloudcare-tools/datakit/plugins/inputs/mysql/input.go:235.3,240.28 5 0
gitlab.jiagouyun.com/cloudcare-tools/datakit/plugins/inputs/mysql/input.go:243.3,244.17 2 0
gitlab.jiagouyun.com/cloudcare-tools/datakit/plugins/inputs/mysql/input.go:248.3,250.18 2 0
gitlab.jiagouyun.com/cloudcare-tools/datakit/plugins/inputs/mysql/input.go:231.27,233.4 1 0
gitlab.jiagouyun.com/cloudcare-tools/datakit/plugins/inputs/mysql/input.go:240.28,242.4 1 0
gitlab.jiagouyun.com/cloudcare-tools/datakit/plugins/inputs/mysql/input.go:244.17,247.4 2 0
gitlab.jiagouyun.com/cloudcare-tools/datakit/plugins/inputs/mysql/input.go:256.23,260.6 3 0
gitlab.jiagouyun.com/cloudcare-tools/datakit/plugins/inputs/mysql/input.go:269.2,269.44 1 0
gitlab.jiagouyun.com/cloudcare-tools/datakit/plugins/inputs/mysql/input.go:273.2,282.14 4 0
gitlab.jiagouyun.com/cloudcare-tools/datakit/plugins/inputs/mysql/input.go:286.2,286.6 1 0
gitlab.jiagouyun.com/cloudcare-tools/datakit/plugins/inputs/mysql/input.go:260.6,261.37 1 0
gitlab.jiagouyun.com/cloudcare-tools/datakit/plugins/inputs/mysql/input.go:261.37,264.4 2 0
gitlab.jiagouyun.com/cloudcare-tools/datakit/plugins/inputs/mysql/input.go:264.9,265.9 1 0
gitlab.jiagouyun.com/cloudcare-tools/datakit/plugins/inputs/mysql/input.go:269.44,271.3 1 0
gitlab.jiagouyun.com/cloudcare-tools/datakit/plugins/inputs/mysql/input.go:282.14,284.3 1 0
gitlab.jiagouyun.com/cloudcare-tools/datakit/plugins/inputs/mysql/input.go:286.6,287.10 1 0
gitlab.jiagouyun.com/cloudcare-tools/datakit/plugins/inputs/mysql/input.go:288.17,292.15 3 0
gitlab.jiagouyun.com/cloudcare-tools/datakit/plugins/inputs/mysql/input.go:294.30,295.23 1 0
gitlab.jiagouyun.com/cloudcare-tools/datakit/plugins/inputs/mysql/input.go:299.4,300.10 2 0
gitlab.jiagouyun.com/cloudcare-tools/datakit/plugins/inputs/mysql/input.go:295.23,298.5 2 0
gitlab.jiagouyun.com/cloudcare-tools/datakit/plugins/inputs/mysql/input.go:305.34,305.56 1 0
gitlab.jiagouyun.com/cloudcare-tools/datakit/plugins/inputs/mysql/input.go:307.39,307.62 1 0
gitlab.jiagouyun.com/cloudcare-tools/datakit/plugins/inputs/mysql/input.go:309.58,315.2 1 0
gitlab.jiagouyun.com/cloudcare-tools/datakit/plugins/inputs/mysql/input.go:317.43,319.2 1 0
gitlab.jiagouyun.com/cloudcare-tools/datakit/plugins/inputs/mysql/input.go:321.13,322.44 1 1
gitlab.jiagouyun.com/cloudcare-tools/datakit/plugins/inputs/mysql/input.go:322.44,324.3 1 0
gitlab.jiagouyun.com/cloudcare-tools/datakit/plugins/inputs/mysql/schema.go:22.60,24.2 1 1
gitlab.jiagouyun.com/cloudcare-tools/datakit/plugins/inputs/mysql/schema.go:27.60,53.2 1 0
gitlab.jiagouyun.com/cloudcare-tools/datakit/plugins/inputs/mysql/schema.go:56.63,63.16 3 1
gitlab.jiagouyun.com/cloudcare-tools/datakit/plugins/inputs/mysql/schema.go:67.2,71.18 3 1
gitlab.jiagouyun.com/cloudcare-tools/datakit/plugins/inputs/mysql/schema.go:101.2,101.16 1 1
gitlab.jiagouyun.com/cloudcare-tools/datakit/plugins/inputs/mysql/schema.go:63.16,66.3 2 0
gitlab.jiagouyun.com/cloudcare-tools/datakit/plugins/inputs/mysql/schema.go:71.18,78.34 2 1
gitlab.jiagouyun.com/cloudcare-tools/datakit/plugins/inputs/mysql/schema.go:82.3,85.45 3 1
gitlab.jiagouyun.com/cloudcare-tools/datakit/plugins/inputs/mysql/schema.go:90.3,96.24 5 1
gitlab.jiagouyun.com/cloudcare-tools/datakit/plugins/inputs/mysql/schema.go:78.34,80.4 1 1
gitlab.jiagouyun.com/cloudcare-tools/datakit/plugins/inputs/mysql/schema.go:85.45,88.4 2 0
gitlab.jiagouyun.com/cloudcare-tools/datakit/plugins/inputs/mysql/schema.go:96.24,98.4 1 1
gitlab.jiagouyun.com/cloudcare-tools/datakit/plugins/inputs/mysql/schema.go:104.75,112.16 3 1
gitlab.jiagouyun.com/cloudcare-tools/datakit/plugins/inputs/mysql/schema.go:116.2,120.18 3 1
gitlab.jiagouyun.com/cloudcare-tools/datakit/plugins/inputs/mysql/schema.go:150.2,150.16 1 1
gitlab.jiagouyun.com/cloudcare-tools/datakit/plugins/inputs/mysql/schema.go:112.16,115.3 2 0
gitlab.jiagouyun.com/cloudcare-tools/datakit/plugins/inputs/mysql/schema.go:120.18,127.34 2 1
gitlab.jiagouyun.com/cloudcare-tools/datakit/plugins/inputs/mysql/schema.go:131.3,134.45 3 1
gitlab.jiagouyun.com/cloudcare-tools/datakit/plugins/inputs/mysql/schema.go:139.3,145.24 5 1
gitlab.jiagouyun.com/cloudcare-tools/datakit/plugins/inputs/mysql/schema.go:127.34,129.4 1 1
gitlab.jiagouyun.com/cloudcare-tools/datakit/plugins/inputs/mysql/schema.go:134.45,137.4 2 0
gitlab.jiagouyun.com/cloudcare-tools/datakit/plugins/inputs/mysql/schema.go:145.24,147.4 1 1
gitlab.jiagouyun.com/cloudcare-tools/datakit/plugins/inputs/mysql/util.go:150.66,156.18 2 1
gitlab.jiagouyun.com/cloudcare-tools/datakit/plugins/inputs/mysql/util.go:167.2,167.17 1 1
gitlab.jiagouyun.com/cloudcare-tools/datakit/plugins/inputs/mysql/util.go:157.20,158.34 1 0
gitlab.jiagouyun.com/cloudcare-tools/datakit/plugins/inputs/mysql/util.go:159.18,160.32 1 1
gitlab.jiagouyun.com/cloudcare-tools/datakit/plugins/inputs/mysql/util.go:161.19,162.31 1 0
gitlab.jiagouyun.com/cloudcare-tools/datakit/plugins/inputs/mysql/util.go:163.21,164.33 1 0
