mode: set
gitlab.jiagouyun.com/cloudcare-tools/datakit/plugins/inputs/kubernetes/pv.go:21.46,23.2 1 1
gitlab.jiagouyun.com/cloudcare-tools/datakit/plugins/inputs/kubernetes/pv.go:25.46,43.2 1 0
gitlab.jiagouyun.com/cloudcare-tools/datakit/plugins/inputs/kubernetes/pv.go:45.66,47.16 2 1
gitlab.jiagouyun.com/cloudcare-tools/datakit/plugins/inputs/kubernetes/pv.go:50.2,50.32 1 1
gitlab.jiagouyun.com/cloudcare-tools/datakit/plugins/inputs/kubernetes/pv.go:54.2,54.12 1 1
gitlab.jiagouyun.com/cloudcare-tools/datakit/plugins/inputs/kubernetes/pv.go:47.16,49.3 1 1
gitlab.jiagouyun.com/cloudcare-tools/datakit/plugins/inputs/kubernetes/pv.go:50.32,52.3 1 1
gitlab.jiagouyun.com/cloudcare-tools/datakit/plugins/inputs/kubernetes/pv.go:57.86,59.50 2 1
gitlab.jiagouyun.com/cloudcare-tools/datakit/plugins/inputs/kubernetes/pv.go:71.2,87.66 4 1
gitlab.jiagouyun.com/cloudcare-tools/datakit/plugins/inputs/kubernetes/pv.go:60.15,61.16 1 1
gitlab.jiagouyun.com/cloudcare-tools/datakit/plugins/inputs/kubernetes/pv.go:62.16,63.16 1 0
gitlab.jiagouyun.com/cloudcare-tools/datakit/plugins/inputs/kubernetes/pv.go:64.17,65.16 1 0
gitlab.jiagouyun.com/cloudcare-tools/datakit/plugins/inputs/kubernetes/pv.go:66.18,67.16 1 0
gitlab.jiagouyun.com/cloudcare-tools/datakit/plugins/inputs/kubernetes/pv.go:68.19,69.16 1 0
gitlab.jiagouyun.com/cloudcare-tools/datakit/plugins/inputs/kubernetes/pvc.go:20.47,22.2 1 1
gitlab.jiagouyun.com/cloudcare-tools/datakit/plugins/inputs/kubernetes/pvc.go:24.47,44.2 1 0
gitlab.jiagouyun.com/cloudcare-tools/datakit/plugins/inputs/kubernetes/pvc.go:46.71,48.16 2 1
gitlab.jiagouyun.com/cloudcare-tools/datakit/plugins/inputs/kubernetes/pvc.go:51.2,51.33 1 1
gitlab.jiagouyun.com/cloudcare-tools/datakit/plugins/inputs/kubernetes/pvc.go:55.2,55.12 1 1
gitlab.jiagouyun.com/cloudcare-tools/datakit/plugins/inputs/kubernetes/pvc.go:48.16,50.3 1 1
gitlab.jiagouyun.com/cloudcare-tools/datakit/plugins/inputs/kubernetes/pvc.go:51.33,53.3 1 1
gitlab.jiagouyun.com/cloudcare-tools/datakit/plugins/inputs/kubernetes/pvc.go:58.97,60.51 2 1
gitlab.jiagouyun.com/cloudcare-tools/datakit/plugins/inputs/kubernetes/pvc.go:68.2,89.66 4 1
gitlab.jiagouyun.com/cloudcare-tools/datakit/plugins/inputs/kubernetes/pvc.go:61.15,62.16 1 1
gitlab.jiagouyun.com/cloudcare-tools/datakit/plugins/inputs/kubernetes/pvc.go:63.14,64.16 1 0
gitlab.jiagouyun.com/cloudcare-tools/datakit/plugins/inputs/kubernetes/pvc.go:65.17,66.16 1 0
gitlab.jiagouyun.com/cloudcare-tools/datakit/plugins/inputs/kubernetes/service.go:22.51,24.2 1 1
gitlab.jiagouyun.com/cloudcare-tools/datakit/plugins/inputs/kubernetes/service.go:26.51,68.2 1 0
gitlab.jiagouyun.com/cloudcare-tools/datakit/plugins/inputs/kubernetes/service.go:70.57,72.16 2 1
gitlab.jiagouyun.com/cloudcare-tools/datakit/plugins/inputs/kubernetes/service.go:75.2,75.34 1 1
gitlab.jiagouyun.com/cloudcare-tools/datakit/plugins/inputs/kubernetes/service.go:79.2,79.12 1 1
gitlab.jiagouyun.com/cloudcare-tools/datakit/plugins/inputs/kubernetes/service.go:72.16,74.3 1 1
gitlab.jiagouyun.com/cloudcare-tools/datakit/plugins/inputs/kubernetes/service.go:75.34,77.3 1 1
gitlab.jiagouyun.com/cloudcare-tools/datakit/plugins/inputs/kubernetes/service.go:82.67,83.90 1 1
gitlab.jiagouyun.com/cloudcare-tools/datakit/plugins/inputs/kubernetes/service.go:87.2,88.33 2 1
gitlab.jiagouyun.com/cloudcare-tools/datakit/plugins/inputs/kubernetes/service.go:92.2,93.40 2 1
gitlab.jiagouyun.com/cloudcare-tools/datakit/plugins/inputs/kubernetes/service.go:96.2,97.26 2 1
gitlab.jiagouyun.com/cloudcare-tools/datakit/plugins/inputs/kubernetes/service.go:101.2,115.40 3 1
gitlab.jiagouyun.com/cloudcare-tools/datakit/plugins/inputs/kubernetes/service.go:119.2,126.66 2 1
gitlab.jiagouyun.com/cloudcare-tools/datakit/plugins/inputs/kubernetes/service.go:83.90,85.3 1 1
gitlab.jiagouyun.com/cloudcare-tools/datakit/plugins/inputs/kubernetes/service.go:88.33,90.3 1 1
gitlab.jiagouyun.com/cloudcare-tools/datakit/plugins/inputs/kubernetes/service.go:93.40,95.3 1 0
gitlab.jiagouyun.com/cloudcare-tools/datakit/plugins/inputs/kubernetes/service.go:97.26,99.3 1 0
gitlab.jiagouyun.com/cloudcare-tools/datakit/plugins/inputs/kubernetes/service.go:115.40,117.3 1 1
gitlab.jiagouyun.com/cloudcare-tools/datakit/plugins/inputs/kubernetes/daemonset.go:20.52,22.2 1 1
gitlab.jiagouyun.com/cloudcare-tools/datakit/plugins/inputs/kubernetes/daemonset.go:24.52,84.2 1 0
gitlab.jiagouyun.com/cloudcare-tools/datakit/plugins/inputs/kubernetes/daemonset.go:86.59,88.16 2 1
gitlab.jiagouyun.com/cloudcare-tools/datakit/plugins/inputs/kubernetes/daemonset.go:92.2,92.31 1 1
gitlab.jiagouyun.com/cloudcare-tools/datakit/plugins/inputs/kubernetes/daemonset.go:96.2,96.12 1 1
gitlab.jiagouyun.com/cloudcare-tools/datakit/plugins/inputs/kubernetes/daemonset.go:88.16,90.3 1 1
gitlab.jiagouyun.com/cloudcare-tools/datakit/plugins/inputs/kubernetes/daemonset.go:92.31,94.3 1 1
gitlab.jiagouyun.com/cloudcare-tools/datakit/plugins/inputs/kubernetes/daemonset.go:99.67,116.52 3 1
gitlab.jiagouyun.com/cloudcare-tools/datakit/plugins/inputs/kubernetes/daemonset.go:120.2,120.44 1 1
gitlab.jiagouyun.com/cloudcare-tools/datakit/plugins/inputs/kubernetes/daemonset.go:124.2,131.66 2 1
gitlab.jiagouyun.com/cloudcare-tools/datakit/plugins/inputs/kubernetes/daemonset.go:116.52,118.3 1 1
gitlab.jiagouyun.com/cloudcare-tools/datakit/plugins/inputs/kubernetes/daemonset.go:120.44,122.3 1 1
gitlab.jiagouyun.com/cloudcare-tools/datakit/plugins/inputs/kubernetes/endpoint.go:21.52,23.2 1 1
gitlab.jiagouyun.com/cloudcare-tools/datakit/plugins/inputs/kubernetes/endpoint.go:25.52,62.2 1 0
gitlab.jiagouyun.com/cloudcare-tools/datakit/plugins/inputs/kubernetes/endpoint.go:64.58,66.16 2 1
gitlab.jiagouyun.com/cloudcare-tools/datakit/plugins/inputs/kubernetes/endpoint.go:70.2,70.34 1 1
gitlab.jiagouyun.com/cloudcare-tools/datakit/plugins/inputs/kubernetes/endpoint.go:74.2,74.12 1 1
gitlab.jiagouyun.com/cloudcare-tools/datakit/plugins/inputs/kubernetes/endpoint.go:66.16,68.3 1 1
gitlab.jiagouyun.com/cloudcare-tools/datakit/plugins/inputs/kubernetes/endpoint.go:70.34,72.3 1 1
gitlab.jiagouyun.com/cloudcare-tools/datakit/plugins/inputs/kubernetes/endpoint.go:77.70,78.90 1 1
gitlab.jiagouyun.com/cloudcare-tools/datakit/plugins/inputs/kubernetes/endpoint.go:82.2,82.37 1 1
gitlab.jiagouyun.com/cloudcare-tools/datakit/plugins/inputs/kubernetes/endpoint.go:78.90,80.3 1 1
gitlab.jiagouyun.com/cloudcare-tools/datakit/plugins/inputs/kubernetes/endpoint.go:82.37,83.48 1 1
gitlab.jiagouyun.com/cloudcare-tools/datakit/plugins/inputs/kubernetes/endpoint.go:117.3,117.59 1 1
gitlab.jiagouyun.com/cloudcare-tools/datakit/plugins/inputs/kubernetes/endpoint.go:83.48,97.34 3 1
gitlab.jiagouyun.com/cloudcare-tools/datakit/plugins/inputs/kubernetes/endpoint.go:101.4,101.40 1 1
gitlab.jiagouyun.com/cloudcare-tools/datakit/plugins/inputs/kubernetes/endpoint.go:97.34,99.5 1 1
gitlab.jiagouyun.com/cloudcare-tools/datakit/plugins/inputs/kubernetes/endpoint.go:101.40,115.5 5 1
gitlab.jiagouyun.com/cloudcare-tools/datakit/plugins/inputs/kubernetes/endpoint.go:117.59,131.37 3 1
gitlab.jiagouyun.com/cloudcare-tools/datakit/plugins/inputs/kubernetes/endpoint.go:135.4,135.40 1 1
gitlab.jiagouyun.com/cloudcare-tools/datakit/plugins/inputs/kubernetes/endpoint.go:131.37,133.5 1 1
gitlab.jiagouyun.com/cloudcare-tools/datakit/plugins/inputs/kubernetes/endpoint.go:135.40,149.5 5 1
gitlab.jiagouyun.com/cloudcare-tools/datakit/plugins/inputs/kubernetes/input.go:59.33,61.16 2 1
gitlab.jiagouyun.com/cloudcare-tools/datakit/plugins/inputs/kubernetes/input.go:65.2,71.28 3 1
gitlab.jiagouyun.com/cloudcare-tools/datakit/plugins/inputs/kubernetes/input.go:90.2,91.16 2 1
gitlab.jiagouyun.com/cloudcare-tools/datakit/plugins/inputs/kubernetes/input.go:95.2,97.12 2 1
gitlab.jiagouyun.com/cloudcare-tools/datakit/plugins/inputs/kubernetes/input.go:61.16,63.3 1 1
gitlab.jiagouyun.com/cloudcare-tools/datakit/plugins/inputs/kubernetes/input.go:71.28,73.17 2 1
gitlab.jiagouyun.com/cloudcare-tools/datakit/plugins/inputs/kubernetes/input.go:73.17,75.4 1 0
gitlab.jiagouyun.com/cloudcare-tools/datakit/plugins/inputs/kubernetes/input.go:76.8,76.24 1 1
gitlab.jiagouyun.com/cloudcare-tools/datakit/plugins/inputs/kubernetes/input.go:76.24,78.17 2 1
gitlab.jiagouyun.com/cloudcare-tools/datakit/plugins/inputs/kubernetes/input.go:82.3,85.17 3 1
gitlab.jiagouyun.com/cloudcare-tools/datakit/plugins/inputs/kubernetes/input.go:78.17,80.4 1 0
gitlab.jiagouyun.com/cloudcare-tools/datakit/plugins/inputs/kubernetes/input.go:85.17,87.4 1 0
gitlab.jiagouyun.com/cloudcare-tools/datakit/plugins/inputs/kubernetes/input.go:91.16,93.3 1 0
gitlab.jiagouyun.com/cloudcare-tools/datakit/plugins/inputs/kubernetes/input.go:100.29,101.17 1 1
gitlab.jiagouyun.com/cloudcare-tools/datakit/plugins/inputs/kubernetes/input.go:105.2,105.21 1 1
gitlab.jiagouyun.com/cloudcare-tools/datakit/plugins/inputs/kubernetes/input.go:101.17,103.3 1 1
gitlab.jiagouyun.com/cloudcare-tools/datakit/plugins/inputs/kubernetes/input.go:105.21,107.3 1 0
gitlab.jiagouyun.com/cloudcare-tools/datakit/plugins/inputs/kubernetes/input.go:110.33,126.16 4 1
gitlab.jiagouyun.com/cloudcare-tools/datakit/plugins/inputs/kubernetes/input.go:130.2,131.16 2 1
gitlab.jiagouyun.com/cloudcare-tools/datakit/plugins/inputs/kubernetes/input.go:135.2,135.41 1 1
gitlab.jiagouyun.com/cloudcare-tools/datakit/plugins/inputs/kubernetes/input.go:158.2,158.12 1 1
gitlab.jiagouyun.com/cloudcare-tools/datakit/plugins/inputs/kubernetes/input.go:126.16,128.3 1 0
gitlab.jiagouyun.com/cloudcare-tools/datakit/plugins/inputs/kubernetes/input.go:131.16,133.3 1 0
gitlab.jiagouyun.com/cloudcare-tools/datakit/plugins/inputs/kubernetes/input.go:135.41,136.38 1 1
gitlab.jiagouyun.com/cloudcare-tools/datakit/plugins/inputs/kubernetes/input.go:136.38,139.18 3 1
gitlab.jiagouyun.com/cloudcare-tools/datakit/plugins/inputs/kubernetes/input.go:139.18,142.5 2 0
gitlab.jiagouyun.com/cloudcare-tools/datakit/plugins/inputs/kubernetes/input.go:142.10,144.25 2 1
gitlab.jiagouyun.com/cloudcare-tools/datakit/plugins/inputs/kubernetes/input.go:144.25,148.65 1 1
gitlab.jiagouyun.com/cloudcare-tools/datakit/plugins/inputs/kubernetes/input.go:148.65,150.7 1 0
gitlab.jiagouyun.com/cloudcare-tools/datakit/plugins/inputs/kubernetes/input.go:161.23,169.16 6 0
gitlab.jiagouyun.com/cloudcare-tools/datakit/plugins/inputs/kubernetes/input.go:175.2,178.6 3 0
gitlab.jiagouyun.com/cloudcare-tools/datakit/plugins/inputs/kubernetes/input.go:169.16,173.3 3 0
gitlab.jiagouyun.com/cloudcare-tools/datakit/plugins/inputs/kubernetes/input.go:178.6,179.10 1 0
gitlab.jiagouyun.com/cloudcare-tools/datakit/plugins/inputs/kubernetes/input.go:180.17,185.13 4 0
gitlab.jiagouyun.com/cloudcare-tools/datakit/plugins/inputs/kubernetes/input.go:186.30,188.10 2 0
gitlab.jiagouyun.com/cloudcare-tools/datakit/plugins/inputs/kubernetes/input.go:193.25,194.36 1 0
gitlab.jiagouyun.com/cloudcare-tools/datakit/plugins/inputs/kubernetes/input.go:194.36,196.3 1 0
gitlab.jiagouyun.com/cloudcare-tools/datakit/plugins/inputs/kubernetes/input.go:199.34,199.56 1 0
gitlab.jiagouyun.com/cloudcare-tools/datakit/plugins/inputs/kubernetes/input.go:201.39,201.62 1 0
gitlab.jiagouyun.com/cloudcare-tools/datakit/plugins/inputs/kubernetes/input.go:203.43,205.2 1 0
gitlab.jiagouyun.com/cloudcare-tools/datakit/plugins/inputs/kubernetes/input.go:207.58,217.2 1 0
gitlab.jiagouyun.com/cloudcare-tools/datakit/plugins/inputs/kubernetes/input.go:219.13,220.44 1 1
gitlab.jiagouyun.com/cloudcare-tools/datakit/plugins/inputs/kubernetes/input.go:220.44,222.3 1 0
gitlab.jiagouyun.com/cloudcare-tools/datakit/plugins/inputs/kubernetes/object.go:27.43,29.16 2 1
gitlab.jiagouyun.com/cloudcare-tools/datakit/plugins/inputs/kubernetes/object.go:34.2,35.12 2 1
gitlab.jiagouyun.com/cloudcare-tools/datakit/plugins/inputs/kubernetes/object.go:29.16,32.3 2 0
gitlab.jiagouyun.com/cloudcare-tools/datakit/plugins/inputs/kubernetes/object.go:45.52,47.2 1 0
gitlab.jiagouyun.com/cloudcare-tools/datakit/plugins/inputs/kubernetes/object.go:49.52,103.2 1 0
gitlab.jiagouyun.com/cloudcare-tools/datakit/plugins/inputs/kubernetes/object.go:105.46,106.30 1 1
gitlab.jiagouyun.com/cloudcare-tools/datakit/plugins/inputs/kubernetes/object.go:106.30,109.51 3 1
gitlab.jiagouyun.com/cloudcare-tools/datakit/plugins/inputs/kubernetes/object.go:115.3,135.32 3 1
gitlab.jiagouyun.com/cloudcare-tools/datakit/plugins/inputs/kubernetes/object.go:139.3,147.37 2 1
gitlab.jiagouyun.com/cloudcare-tools/datakit/plugins/inputs/kubernetes/object.go:152.3,153.17 2 1
gitlab.jiagouyun.com/cloudcare-tools/datakit/plugins/inputs/kubernetes/object.go:159.3,166.59 2 1
gitlab.jiagouyun.com/cloudcare-tools/datakit/plugins/inputs/kubernetes/object.go:109.51,110.31 1 1
gitlab.jiagouyun.com/cloudcare-tools/datakit/plugins/inputs/kubernetes/object.go:110.31,112.5 1 1
gitlab.jiagouyun.com/cloudcare-tools/datakit/plugins/inputs/kubernetes/object.go:135.32,137.4 1 1
gitlab.jiagouyun.com/cloudcare-tools/datakit/plugins/inputs/kubernetes/object.go:147.37,150.4 2 1
gitlab.jiagouyun.com/cloudcare-tools/datakit/plugins/inputs/kubernetes/object.go:153.17,155.4 1 1
gitlab.jiagouyun.com/cloudcare-tools/datakit/plugins/inputs/kubernetes/object.go:155.9,157.4 1 0
gitlab.jiagouyun.com/cloudcare-tools/datakit/plugins/inputs/kubernetes/object.go:170.58,171.46 1 1
gitlab.jiagouyun.com/cloudcare-tools/datakit/plugins/inputs/kubernetes/object.go:174.2,174.12 1 1
gitlab.jiagouyun.com/cloudcare-tools/datakit/plugins/inputs/kubernetes/object.go:171.46,173.3 1 0
gitlab.jiagouyun.com/cloudcare-tools/datakit/plugins/inputs/kubernetes/statefulset.go:20.54,22.2 1 1
gitlab.jiagouyun.com/cloudcare-tools/datakit/plugins/inputs/kubernetes/statefulset.go:24.54,83.2 1 0
gitlab.jiagouyun.com/cloudcare-tools/datakit/plugins/inputs/kubernetes/statefulset.go:85.61,87.16 2 1
gitlab.jiagouyun.com/cloudcare-tools/datakit/plugins/inputs/kubernetes/statefulset.go:90.2,90.31 1 1
gitlab.jiagouyun.com/cloudcare-tools/datakit/plugins/inputs/kubernetes/statefulset.go:94.2,94.12 1 1
gitlab.jiagouyun.com/cloudcare-tools/datakit/plugins/inputs/kubernetes/statefulset.go:87.16,89.3 1 1
gitlab.jiagouyun.com/cloudcare-tools/datakit/plugins/inputs/kubernetes/statefulset.go:90.31,92.3 1 1
gitlab.jiagouyun.com/cloudcare-tools/datakit/plugins/inputs/kubernetes/statefulset.go:97.71,114.52 4 1
gitlab.jiagouyun.com/cloudcare-tools/datakit/plugins/inputs/kubernetes/statefulset.go:118.2,125.66 2 1
gitlab.jiagouyun.com/cloudcare-tools/datakit/plugins/inputs/kubernetes/statefulset.go:114.52,116.3 1 1
gitlab.jiagouyun.com/cloudcare-tools/datakit/plugins/inputs/kubernetes/client.go:33.68,35.16 2 1
gitlab.jiagouyun.com/cloudcare-tools/datakit/plugins/inputs/kubernetes/client.go:39.2,39.20 1 1
gitlab.jiagouyun.com/cloudcare-tools/datakit/plugins/inputs/kubernetes/client.go:35.16,37.3 1 1
gitlab.jiagouyun.com/cloudcare-tools/datakit/plugins/inputs/kubernetes/client.go:42.117,48.19 2 1
gitlab.jiagouyun.com/cloudcare-tools/datakit/plugins/inputs/kubernetes/client.go:56.2,56.23 1 1
gitlab.jiagouyun.com/cloudcare-tools/datakit/plugins/inputs/kubernetes/client.go:64.2,68.18 2 1
gitlab.jiagouyun.com/cloudcare-tools/datakit/plugins/inputs/kubernetes/client.go:71.2,71.52 1 1
gitlab.jiagouyun.com/cloudcare-tools/datakit/plugins/inputs/kubernetes/client.go:77.2,81.8 1 1
gitlab.jiagouyun.com/cloudcare-tools/datakit/plugins/inputs/kubernetes/client.go:48.19,50.39 2 0
gitlab.jiagouyun.com/cloudcare-tools/datakit/plugins/inputs/kubernetes/client.go:53.3,53.54 1 0
gitlab.jiagouyun.com/cloudcare-tools/datakit/plugins/inputs/kubernetes/client.go:50.39,52.4 1 0
gitlab.jiagouyun.com/cloudcare-tools/datakit/plugins/inputs/kubernetes/client.go:56.23,58.17 2 0
gitlab.jiagouyun.com/cloudcare-tools/datakit/plugins/inputs/kubernetes/client.go:61.3,61.30 1 0
gitlab.jiagouyun.com/cloudcare-tools/datakit/plugins/inputs/kubernetes/client.go:58.17,60.4 1 0
gitlab.jiagouyun.com/cloudcare-tools/datakit/plugins/inputs/kubernetes/client.go:68.18,70.3 1 0
gitlab.jiagouyun.com/cloudcare-tools/datakit/plugins/inputs/kubernetes/client.go:71.52,73.3 1 0
gitlab.jiagouyun.com/cloudcare-tools/datakit/plugins/inputs/kubernetes/client.go:73.8,75.3 1 1
gitlab.jiagouyun.com/cloudcare-tools/datakit/plugins/inputs/kubernetes/client.go:84.83,96.2 2 0
gitlab.jiagouyun.com/cloudcare-tools/datakit/plugins/inputs/kubernetes/client.go:98.77,103.19 2 1
gitlab.jiagouyun.com/cloudcare-tools/datakit/plugins/inputs/kubernetes/client.go:112.2,116.17 2 1
gitlab.jiagouyun.com/cloudcare-tools/datakit/plugins/inputs/kubernetes/client.go:103.19,105.17 2 1
gitlab.jiagouyun.com/cloudcare-tools/datakit/plugins/inputs/kubernetes/client.go:109.3,109.20 1 1
gitlab.jiagouyun.com/cloudcare-tools/datakit/plugins/inputs/kubernetes/client.go:105.17,107.4 1 0
gitlab.jiagouyun.com/cloudcare-tools/datakit/plugins/inputs/kubernetes/client.go:119.66,121.16 2 0
gitlab.jiagouyun.com/cloudcare-tools/datakit/plugins/inputs/kubernetes/client.go:125.2,126.16 2 0
gitlab.jiagouyun.com/cloudcare-tools/datakit/plugins/inputs/kubernetes/client.go:129.2,129.18 1 0
gitlab.jiagouyun.com/cloudcare-tools/datakit/plugins/inputs/kubernetes/client.go:121.16,123.3 1 0
gitlab.jiagouyun.com/cloudcare-tools/datakit/plugins/inputs/kubernetes/client.go:126.16,128.3 1 0
gitlab.jiagouyun.com/cloudcare-tools/datakit/plugins/inputs/kubernetes/client.go:132.65,134.2 1 1
gitlab.jiagouyun.com/cloudcare-tools/datakit/plugins/inputs/kubernetes/client.go:136.67,138.2 1 1
gitlab.jiagouyun.com/cloudcare-tools/datakit/plugins/inputs/kubernetes/client.go:140.64,142.2 1 1
gitlab.jiagouyun.com/cloudcare-tools/datakit/plugins/inputs/kubernetes/client.go:144.55,146.2 1 0
gitlab.jiagouyun.com/cloudcare-tools/datakit/plugins/inputs/kubernetes/client.go:148.79,150.2 1 1
gitlab.jiagouyun.com/cloudcare-tools/datakit/plugins/inputs/kubernetes/client.go:152.89,154.2 1 1
gitlab.jiagouyun.com/cloudcare-tools/datakit/plugins/inputs/kubernetes/client.go:156.53,158.2 1 1
gitlab.jiagouyun.com/cloudcare-tools/datakit/plugins/inputs/kubernetes/client.go:160.61,162.2 1 1
gitlab.jiagouyun.com/cloudcare-tools/datakit/plugins/inputs/kubernetes/client.go:164.69,166.2 1 1
gitlab.jiagouyun.com/cloudcare-tools/datakit/plugins/inputs/kubernetes/client.go:168.61,170.2 1 1
gitlab.jiagouyun.com/cloudcare-tools/datakit/plugins/inputs/kubernetes/deployment.go:20.53,22.2 1 1
gitlab.jiagouyun.com/cloudcare-tools/datakit/plugins/inputs/kubernetes/deployment.go:24.53,54.2 1 0
gitlab.jiagouyun.com/cloudcare-tools/datakit/plugins/inputs/kubernetes/deployment.go:56.60,58.16 2 1
gitlab.jiagouyun.com/cloudcare-tools/datakit/plugins/inputs/kubernetes/deployment.go:61.2,61.31 1 1
gitlab.jiagouyun.com/cloudcare-tools/datakit/plugins/inputs/kubernetes/deployment.go:65.2,65.12 1 1
gitlab.jiagouyun.com/cloudcare-tools/datakit/plugins/inputs/kubernetes/deployment.go:58.16,60.3 1 1
gitlab.jiagouyun.com/cloudcare-tools/datakit/plugins/inputs/kubernetes/deployment.go:61.31,63.3 1 1
gitlab.jiagouyun.com/cloudcare-tools/datakit/plugins/inputs/kubernetes/deployment.go:68.69,79.52 3 1
gitlab.jiagouyun.com/cloudcare-tools/datakit/plugins/inputs/kubernetes/deployment.go:83.2,83.44 1 1
gitlab.jiagouyun.com/cloudcare-tools/datakit/plugins/inputs/kubernetes/deployment.go:87.2,94.66 2 1
gitlab.jiagouyun.com/cloudcare-tools/datakit/plugins/inputs/kubernetes/deployment.go:79.52,81.3 1 1
gitlab.jiagouyun.com/cloudcare-tools/datakit/plugins/inputs/kubernetes/deployment.go:83.44,85.3 1 1
gitlab.jiagouyun.com/cloudcare-tools/datakit/plugins/inputs/kubernetes/ingress.go:24.51,26.2 1 1
gitlab.jiagouyun.com/cloudcare-tools/datakit/plugins/inputs/kubernetes/ingress.go:28.51,69.2 1 0
gitlab.jiagouyun.com/cloudcare-tools/datakit/plugins/inputs/kubernetes/ingress.go:71.56,73.16 2 1
gitlab.jiagouyun.com/cloudcare-tools/datakit/plugins/inputs/kubernetes/ingress.go:77.2,77.34 1 1
gitlab.jiagouyun.com/cloudcare-tools/datakit/plugins/inputs/kubernetes/ingress.go:81.2,81.12 1 1
gitlab.jiagouyun.com/cloudcare-tools/datakit/plugins/inputs/kubernetes/ingress.go:73.16,75.3 1 1
gitlab.jiagouyun.com/cloudcare-tools/datakit/plugins/inputs/kubernetes/ingress.go:77.34,79.3 1 1
gitlab.jiagouyun.com/cloudcare-tools/datakit/plugins/inputs/kubernetes/ingress.go:84.69,85.92 1 1
gitlab.jiagouyun.com/cloudcare-tools/datakit/plugins/inputs/kubernetes/ingress.go:89.2,90.37 2 1
gitlab.jiagouyun.com/cloudcare-tools/datakit/plugins/inputs/kubernetes/ingress.go:94.2,95.59 2 1
gitlab.jiagouyun.com/cloudcare-tools/datakit/plugins/inputs/kubernetes/ingress.go:99.2,100.37 2 1
gitlab.jiagouyun.com/cloudcare-tools/datakit/plugins/inputs/kubernetes/ingress.go:105.2,106.36 2 1
gitlab.jiagouyun.com/cloudcare-tools/datakit/plugins/inputs/kubernetes/ingress.go:110.2,130.66 4 1
gitlab.jiagouyun.com/cloudcare-tools/datakit/plugins/inputs/kubernetes/ingress.go:85.92,87.3 1 0
gitlab.jiagouyun.com/cloudcare-tools/datakit/plugins/inputs/kubernetes/ingress.go:90.37,92.3 1 1
gitlab.jiagouyun.com/cloudcare-tools/datakit/plugins/inputs/kubernetes/ingress.go:95.59,97.3 1 0
gitlab.jiagouyun.com/cloudcare-tools/datakit/plugins/inputs/kubernetes/ingress.go:100.37,101.57 1 1
gitlab.jiagouyun.com/cloudcare-tools/datakit/plugins/inputs/kubernetes/ingress.go:101.57,103.4 1 1
gitlab.jiagouyun.com/cloudcare-tools/datakit/plugins/inputs/kubernetes/ingress.go:106.36,108.3 1 1
