mode: set
gitlab.jiagouyun.com/cloudcare-tools/datakit/plugins/inputs/kubernetes/client.go:33.68,35.16 2 1
gitlab.jiagouyun.com/cloudcare-tools/datakit/plugins/inputs/kubernetes/client.go:39.2,39.20 1 1
gitlab.jiagouyun.com/cloudcare-tools/datakit/plugins/inputs/kubernetes/client.go:35.16,37.3 1 1
gitlab.jiagouyun.com/cloudcare-tools/datakit/plugins/inputs/kubernetes/client.go:42.117,48.19 2 1
gitlab.jiagouyun.com/cloudcare-tools/datakit/plugins/inputs/kubernetes/client.go:56.2,56.23 1 1
gitlab.jiagouyun.com/cloudcare-tools/datakit/plugins/inputs/kubernetes/client.go:64.2,68.18 2 1
gitlab.jiagouyun.com/cloudcare-tools/datakit/plugins/inputs/kubernetes/client.go:71.2,71.52 1 1
gitlab.jiagouyun.com/cloudcare-tools/datakit/plugins/inputs/kubernetes/client.go:77.2,81.8 1 1
gitlab.jiagouyun.com/cloudcare-tools/datakit/plugins/inputs/kubernetes/client.go:48.19,50.39 2 0
gitlab.jiagouyun.com/cloudcare-tools/datakit/plugins/inputs/kubernetes/client.go:53.3,53.54 1 0
gitlab.jiagouyun.com/cloudcare-tools/datakit/plugins/inputs/kubernetes/client.go:50.39,52.4 1 0
gitlab.jiagouyun.com/cloudcare-tools/datakit/plugins/inputs/kubernetes/client.go:56.23,58.17 2 0
gitlab.jiagouyun.com/cloudcare-tools/datakit/plugins/inputs/kubernetes/client.go:61.3,61.30 1 0
gitlab.jiagouyun.com/cloudcare-tools/datakit/plugins/inputs/kubernetes/client.go:58.17,60.4 1 0
gitlab.jiagouyun.com/cloudcare-tools/datakit/plugins/inputs/kubernetes/client.go:68.18,70.3 1 0
gitlab.jiagouyun.com/cloudcare-tools/datakit/plugins/inputs/kubernetes/client.go:71.52,73.3 1 0
gitlab.jiagouyun.com/cloudcare-tools/datakit/plugins/inputs/kubernetes/client.go:73.8,75.3 1 1
gitlab.jiagouyun.com/cloudcare-tools/datakit/plugins/inputs/kubernetes/client.go:84.83,96.2 2 1
gitlab.jiagouyun.com/cloudcare-tools/datakit/plugins/inputs/kubernetes/client.go:98.77,103.19 2 1
gitlab.jiagouyun.com/cloudcare-tools/datakit/plugins/inputs/kubernetes/client.go:112.2,116.17 2 1
gitlab.jiagouyun.com/cloudcare-tools/datakit/plugins/inputs/kubernetes/client.go:103.19,105.17 2 1
gitlab.jiagouyun.com/cloudcare-tools/datakit/plugins/inputs/kubernetes/client.go:109.3,109.20 1 1
gitlab.jiagouyun.com/cloudcare-tools/datakit/plugins/inputs/kubernetes/client.go:105.17,107.4 1 0
gitlab.jiagouyun.com/cloudcare-tools/datakit/plugins/inputs/kubernetes/client.go:119.66,121.16 2 0
gitlab.jiagouyun.com/cloudcare-tools/datakit/plugins/inputs/kubernetes/client.go:125.2,126.16 2 0
gitlab.jiagouyun.com/cloudcare-tools/datakit/plugins/inputs/kubernetes/client.go:129.2,129.18 1 0
gitlab.jiagouyun.com/cloudcare-tools/datakit/plugins/inputs/kubernetes/client.go:121.16,123.3 1 0
gitlab.jiagouyun.com/cloudcare-tools/datakit/plugins/inputs/kubernetes/client.go:126.16,128.3 1 0
gitlab.jiagouyun.com/cloudcare-tools/datakit/plugins/inputs/kubernetes/client.go:132.84,136.2 3 1
gitlab.jiagouyun.com/cloudcare-tools/datakit/plugins/inputs/kubernetes/client.go:138.86,142.2 3 1
gitlab.jiagouyun.com/cloudcare-tools/datakit/plugins/inputs/kubernetes/client.go:144.83,148.2 3 1
gitlab.jiagouyun.com/cloudcare-tools/datakit/plugins/inputs/kubernetes/client.go:150.74,154.2 3 0
gitlab.jiagouyun.com/cloudcare-tools/datakit/plugins/inputs/kubernetes/client.go:156.98,160.2 3 1
gitlab.jiagouyun.com/cloudcare-tools/datakit/plugins/inputs/kubernetes/client.go:162.108,166.2 3 1
gitlab.jiagouyun.com/cloudcare-tools/datakit/plugins/inputs/kubernetes/client.go:168.72,172.2 3 1
gitlab.jiagouyun.com/cloudcare-tools/datakit/plugins/inputs/kubernetes/client.go:174.80,178.2 3 1
gitlab.jiagouyun.com/cloudcare-tools/datakit/plugins/inputs/kubernetes/client.go:180.88,184.2 3 1
gitlab.jiagouyun.com/cloudcare-tools/datakit/plugins/inputs/kubernetes/daemonset.go:20.52,22.2 1 1
gitlab.jiagouyun.com/cloudcare-tools/datakit/plugins/inputs/kubernetes/daemonset.go:24.52,78.2 1 0
gitlab.jiagouyun.com/cloudcare-tools/datakit/plugins/inputs/kubernetes/daemonset.go:80.62,82.16 2 1
gitlab.jiagouyun.com/cloudcare-tools/datakit/plugins/inputs/kubernetes/daemonset.go:86.2,86.31 1 1
gitlab.jiagouyun.com/cloudcare-tools/datakit/plugins/inputs/kubernetes/daemonset.go:90.2,90.12 1 1
gitlab.jiagouyun.com/cloudcare-tools/datakit/plugins/inputs/kubernetes/daemonset.go:82.16,84.3 1 0
gitlab.jiagouyun.com/cloudcare-tools/datakit/plugins/inputs/kubernetes/daemonset.go:86.31,88.3 1 1
gitlab.jiagouyun.com/cloudcare-tools/datakit/plugins/inputs/kubernetes/daemonset.go:93.49,115.44 3 1
gitlab.jiagouyun.com/cloudcare-tools/datakit/plugins/inputs/kubernetes/daemonset.go:119.5,126.44 2 1
gitlab.jiagouyun.com/cloudcare-tools/datakit/plugins/inputs/kubernetes/daemonset.go:115.44,117.3 1 1
gitlab.jiagouyun.com/cloudcare-tools/datakit/plugins/inputs/kubernetes/endpoint.go:22.52,24.2 1 1
gitlab.jiagouyun.com/cloudcare-tools/datakit/plugins/inputs/kubernetes/endpoint.go:26.52,80.2 1 0
gitlab.jiagouyun.com/cloudcare-tools/datakit/plugins/inputs/kubernetes/endpoint.go:82.61,84.16 2 1
gitlab.jiagouyun.com/cloudcare-tools/datakit/plugins/inputs/kubernetes/endpoint.go:88.2,88.34 1 1
gitlab.jiagouyun.com/cloudcare-tools/datakit/plugins/inputs/kubernetes/endpoint.go:92.2,92.12 1 1
gitlab.jiagouyun.com/cloudcare-tools/datakit/plugins/inputs/kubernetes/endpoint.go:84.16,86.3 1 0
gitlab.jiagouyun.com/cloudcare-tools/datakit/plugins/inputs/kubernetes/endpoint.go:88.34,90.3 1 1
gitlab.jiagouyun.com/cloudcare-tools/datakit/plugins/inputs/kubernetes/endpoint.go:95.52,96.90 1 1
gitlab.jiagouyun.com/cloudcare-tools/datakit/plugins/inputs/kubernetes/endpoint.go:100.2,110.37 3 1
gitlab.jiagouyun.com/cloudcare-tools/datakit/plugins/inputs/kubernetes/endpoint.go:96.90,98.3 1 1
gitlab.jiagouyun.com/cloudcare-tools/datakit/plugins/inputs/kubernetes/endpoint.go:110.37,111.48 1 1
gitlab.jiagouyun.com/cloudcare-tools/datakit/plugins/inputs/kubernetes/endpoint.go:137.3,137.59 1 1
gitlab.jiagouyun.com/cloudcare-tools/datakit/plugins/inputs/kubernetes/endpoint.go:111.48,116.34 3 1
gitlab.jiagouyun.com/cloudcare-tools/datakit/plugins/inputs/kubernetes/endpoint.go:120.4,120.40 1 1
gitlab.jiagouyun.com/cloudcare-tools/datakit/plugins/inputs/kubernetes/endpoint.go:116.34,118.5 1 1
gitlab.jiagouyun.com/cloudcare-tools/datakit/plugins/inputs/kubernetes/endpoint.go:120.40,134.5 5 1
gitlab.jiagouyun.com/cloudcare-tools/datakit/plugins/inputs/kubernetes/endpoint.go:137.59,142.37 4 0
gitlab.jiagouyun.com/cloudcare-tools/datakit/plugins/inputs/kubernetes/endpoint.go:146.4,146.40 1 0
gitlab.jiagouyun.com/cloudcare-tools/datakit/plugins/inputs/kubernetes/endpoint.go:142.37,144.5 1 0
gitlab.jiagouyun.com/cloudcare-tools/datakit/plugins/inputs/kubernetes/endpoint.go:146.40,160.5 5 0
gitlab.jiagouyun.com/cloudcare-tools/datakit/plugins/inputs/kubernetes/object.go:28.62,30.16 2 1
gitlab.jiagouyun.com/cloudcare-tools/datakit/plugins/inputs/kubernetes/object.go:35.2,36.12 2 1
gitlab.jiagouyun.com/cloudcare-tools/datakit/plugins/inputs/kubernetes/object.go:30.16,33.3 2 0
gitlab.jiagouyun.com/cloudcare-tools/datakit/plugins/inputs/kubernetes/object.go:46.52,48.2 1 1
gitlab.jiagouyun.com/cloudcare-tools/datakit/plugins/inputs/kubernetes/object.go:50.52,104.2 1 0
gitlab.jiagouyun.com/cloudcare-tools/datakit/plugins/inputs/kubernetes/object.go:106.46,107.30 1 1
gitlab.jiagouyun.com/cloudcare-tools/datakit/plugins/inputs/kubernetes/object.go:107.30,110.51 3 1
gitlab.jiagouyun.com/cloudcare-tools/datakit/plugins/inputs/kubernetes/object.go:116.3,136.32 3 1
gitlab.jiagouyun.com/cloudcare-tools/datakit/plugins/inputs/kubernetes/object.go:140.3,148.37 2 1
gitlab.jiagouyun.com/cloudcare-tools/datakit/plugins/inputs/kubernetes/object.go:153.3,154.17 2 1
gitlab.jiagouyun.com/cloudcare-tools/datakit/plugins/inputs/kubernetes/object.go:160.3,167.59 2 1
gitlab.jiagouyun.com/cloudcare-tools/datakit/plugins/inputs/kubernetes/object.go:110.51,111.31 1 1
gitlab.jiagouyun.com/cloudcare-tools/datakit/plugins/inputs/kubernetes/object.go:111.31,113.5 1 1
gitlab.jiagouyun.com/cloudcare-tools/datakit/plugins/inputs/kubernetes/object.go:136.32,138.4 1 0
gitlab.jiagouyun.com/cloudcare-tools/datakit/plugins/inputs/kubernetes/object.go:148.37,151.4 2 1
gitlab.jiagouyun.com/cloudcare-tools/datakit/plugins/inputs/kubernetes/object.go:154.17,156.4 1 1
gitlab.jiagouyun.com/cloudcare-tools/datakit/plugins/inputs/kubernetes/object.go:156.9,158.4 1 0
gitlab.jiagouyun.com/cloudcare-tools/datakit/plugins/inputs/kubernetes/object.go:171.39,173.49 2 1
gitlab.jiagouyun.com/cloudcare-tools/datakit/plugins/inputs/kubernetes/object.go:176.2,176.12 1 1
gitlab.jiagouyun.com/cloudcare-tools/datakit/plugins/inputs/kubernetes/object.go:173.49,175.3 1 0
gitlab.jiagouyun.com/cloudcare-tools/datakit/plugins/inputs/kubernetes/deployment.go:21.53,23.2 1 1
gitlab.jiagouyun.com/cloudcare-tools/datakit/plugins/inputs/kubernetes/deployment.go:25.53,79.2 1 0
gitlab.jiagouyun.com/cloudcare-tools/datakit/plugins/inputs/kubernetes/deployment.go:81.63,83.16 2 1
gitlab.jiagouyun.com/cloudcare-tools/datakit/plugins/inputs/kubernetes/deployment.go:86.2,86.31 1 1
gitlab.jiagouyun.com/cloudcare-tools/datakit/plugins/inputs/kubernetes/deployment.go:90.2,90.12 1 1
gitlab.jiagouyun.com/cloudcare-tools/datakit/plugins/inputs/kubernetes/deployment.go:83.16,85.3 1 0
gitlab.jiagouyun.com/cloudcare-tools/datakit/plugins/inputs/kubernetes/deployment.go:86.31,88.3 1 1
gitlab.jiagouyun.com/cloudcare-tools/datakit/plugins/inputs/kubernetes/deployment.go:93.51,110.44 3 1
gitlab.jiagouyun.com/cloudcare-tools/datakit/plugins/inputs/kubernetes/deployment.go:114.5,121.44 2 1
gitlab.jiagouyun.com/cloudcare-tools/datakit/plugins/inputs/kubernetes/deployment.go:110.44,112.3 1 1
gitlab.jiagouyun.com/cloudcare-tools/datakit/plugins/inputs/kubernetes/ingress.go:21.51,23.2 1 0
gitlab.jiagouyun.com/cloudcare-tools/datakit/plugins/inputs/kubernetes/ingress.go:25.51,79.2 1 0
gitlab.jiagouyun.com/cloudcare-tools/datakit/plugins/inputs/kubernetes/input.go:58.33,60.16 2 1
gitlab.jiagouyun.com/cloudcare-tools/datakit/plugins/inputs/kubernetes/input.go:64.2,70.28 3 1
gitlab.jiagouyun.com/cloudcare-tools/datakit/plugins/inputs/kubernetes/input.go:79.2,80.16 2 1
gitlab.jiagouyun.com/cloudcare-tools/datakit/plugins/inputs/kubernetes/input.go:84.2,86.12 2 1
gitlab.jiagouyun.com/cloudcare-tools/datakit/plugins/inputs/kubernetes/input.go:60.16,62.3 1 1
gitlab.jiagouyun.com/cloudcare-tools/datakit/plugins/inputs/kubernetes/input.go:70.28,72.17 2 1
gitlab.jiagouyun.com/cloudcare-tools/datakit/plugins/inputs/kubernetes/input.go:72.17,74.4 1 0
gitlab.jiagouyun.com/cloudcare-tools/datakit/plugins/inputs/kubernetes/input.go:75.8,75.24 1 0
gitlab.jiagouyun.com/cloudcare-tools/datakit/plugins/inputs/kubernetes/input.go:75.24,77.3 1 0
gitlab.jiagouyun.com/cloudcare-tools/datakit/plugins/inputs/kubernetes/input.go:80.16,82.3 1 0
gitlab.jiagouyun.com/cloudcare-tools/datakit/plugins/inputs/kubernetes/input.go:89.29,90.17 1 1
gitlab.jiagouyun.com/cloudcare-tools/datakit/plugins/inputs/kubernetes/input.go:94.2,94.21 1 1
gitlab.jiagouyun.com/cloudcare-tools/datakit/plugins/inputs/kubernetes/input.go:90.17,92.3 1 0
gitlab.jiagouyun.com/cloudcare-tools/datakit/plugins/inputs/kubernetes/input.go:94.21,96.3 1 0
gitlab.jiagouyun.com/cloudcare-tools/datakit/plugins/inputs/kubernetes/input.go:99.33,116.16 5 1
gitlab.jiagouyun.com/cloudcare-tools/datakit/plugins/inputs/kubernetes/input.go:120.2,121.16 2 1
gitlab.jiagouyun.com/cloudcare-tools/datakit/plugins/inputs/kubernetes/input.go:125.2,125.48 1 1
gitlab.jiagouyun.com/cloudcare-tools/datakit/plugins/inputs/kubernetes/input.go:133.2,133.12 1 1
gitlab.jiagouyun.com/cloudcare-tools/datakit/plugins/inputs/kubernetes/input.go:116.16,118.3 1 0
gitlab.jiagouyun.com/cloudcare-tools/datakit/plugins/inputs/kubernetes/input.go:121.16,123.3 1 0
gitlab.jiagouyun.com/cloudcare-tools/datakit/plugins/inputs/kubernetes/input.go:125.48,126.38 1 1
gitlab.jiagouyun.com/cloudcare-tools/datakit/plugins/inputs/kubernetes/input.go:126.38,127.44 1 1
gitlab.jiagouyun.com/cloudcare-tools/datakit/plugins/inputs/kubernetes/input.go:127.44,129.5 1 1
gitlab.jiagouyun.com/cloudcare-tools/datakit/plugins/inputs/kubernetes/input.go:136.23,145.22 6 0
gitlab.jiagouyun.com/cloudcare-tools/datakit/plugins/inputs/kubernetes/input.go:151.2,157.12 5 0
gitlab.jiagouyun.com/cloudcare-tools/datakit/plugins/inputs/kubernetes/input.go:170.2,171.6 2 0
gitlab.jiagouyun.com/cloudcare-tools/datakit/plugins/inputs/kubernetes/input.go:145.22,149.3 3 0
gitlab.jiagouyun.com/cloudcare-tools/datakit/plugins/inputs/kubernetes/input.go:157.12,159.43 2 0
gitlab.jiagouyun.com/cloudcare-tools/datakit/plugins/inputs/kubernetes/input.go:159.43,161.4 1 0
gitlab.jiagouyun.com/cloudcare-tools/datakit/plugins/inputs/kubernetes/input.go:161.9,163.61 1 0
gitlab.jiagouyun.com/cloudcare-tools/datakit/plugins/inputs/kubernetes/input.go:166.4,166.51 1 0
gitlab.jiagouyun.com/cloudcare-tools/datakit/plugins/inputs/kubernetes/input.go:163.61,165.5 1 0
gitlab.jiagouyun.com/cloudcare-tools/datakit/plugins/inputs/kubernetes/input.go:171.6,173.10 2 0
gitlab.jiagouyun.com/cloudcare-tools/datakit/plugins/inputs/kubernetes/input.go:174.17,177.38 3 0
gitlab.jiagouyun.com/cloudcare-tools/datakit/plugins/inputs/kubernetes/input.go:187.23,190.44 3 0
gitlab.jiagouyun.com/cloudcare-tools/datakit/plugins/inputs/kubernetes/input.go:199.30,201.10 2 0
gitlab.jiagouyun.com/cloudcare-tools/datakit/plugins/inputs/kubernetes/input.go:177.38,179.5 1 0
gitlab.jiagouyun.com/cloudcare-tools/datakit/plugins/inputs/kubernetes/input.go:179.10,181.84 1 0
gitlab.jiagouyun.com/cloudcare-tools/datakit/plugins/inputs/kubernetes/input.go:185.5,185.40 1 0
gitlab.jiagouyun.com/cloudcare-tools/datakit/plugins/inputs/kubernetes/input.go:181.84,183.6 1 0
gitlab.jiagouyun.com/cloudcare-tools/datakit/plugins/inputs/kubernetes/input.go:190.44,192.5 1 0
gitlab.jiagouyun.com/cloudcare-tools/datakit/plugins/inputs/kubernetes/input.go:192.10,194.62 1 0
gitlab.jiagouyun.com/cloudcare-tools/datakit/plugins/inputs/kubernetes/input.go:197.5,197.52 1 0
gitlab.jiagouyun.com/cloudcare-tools/datakit/plugins/inputs/kubernetes/input.go:194.62,196.6 1 0
gitlab.jiagouyun.com/cloudcare-tools/datakit/plugins/inputs/kubernetes/input.go:206.34,206.56 1 0
gitlab.jiagouyun.com/cloudcare-tools/datakit/plugins/inputs/kubernetes/input.go:208.39,208.62 1 0
gitlab.jiagouyun.com/cloudcare-tools/datakit/plugins/inputs/kubernetes/input.go:210.43,212.2 1 0
gitlab.jiagouyun.com/cloudcare-tools/datakit/plugins/inputs/kubernetes/input.go:214.58,218.2 1 0
gitlab.jiagouyun.com/cloudcare-tools/datakit/plugins/inputs/kubernetes/input.go:220.13,221.44 1 1
gitlab.jiagouyun.com/cloudcare-tools/datakit/plugins/inputs/kubernetes/input.go:221.44,223.3 1 0
gitlab.jiagouyun.com/cloudcare-tools/datakit/plugins/inputs/kubernetes/pv.go:22.46,24.2 1 1
gitlab.jiagouyun.com/cloudcare-tools/datakit/plugins/inputs/kubernetes/pv.go:26.46,80.2 1 0
gitlab.jiagouyun.com/cloudcare-tools/datakit/plugins/inputs/kubernetes/pv.go:82.69,84.16 2 1
gitlab.jiagouyun.com/cloudcare-tools/datakit/plugins/inputs/kubernetes/pv.go:87.2,87.32 1 1
gitlab.jiagouyun.com/cloudcare-tools/datakit/plugins/inputs/kubernetes/pv.go:91.2,91.12 1 1
gitlab.jiagouyun.com/cloudcare-tools/datakit/plugins/inputs/kubernetes/pv.go:84.16,86.3 1 0
gitlab.jiagouyun.com/cloudcare-tools/datakit/plugins/inputs/kubernetes/pv.go:87.32,89.3 1 1
gitlab.jiagouyun.com/cloudcare-tools/datakit/plugins/inputs/kubernetes/pv.go:94.68,96.50 2 1
gitlab.jiagouyun.com/cloudcare-tools/datakit/plugins/inputs/kubernetes/pv.go:108.2,124.44 4 1
gitlab.jiagouyun.com/cloudcare-tools/datakit/plugins/inputs/kubernetes/pv.go:97.15,98.16 1 1
gitlab.jiagouyun.com/cloudcare-tools/datakit/plugins/inputs/kubernetes/pv.go:99.16,100.16 1 0
gitlab.jiagouyun.com/cloudcare-tools/datakit/plugins/inputs/kubernetes/pv.go:101.17,102.16 1 0
gitlab.jiagouyun.com/cloudcare-tools/datakit/plugins/inputs/kubernetes/pv.go:103.18,104.16 1 0
gitlab.jiagouyun.com/cloudcare-tools/datakit/plugins/inputs/kubernetes/pv.go:105.19,106.16 1 0
gitlab.jiagouyun.com/cloudcare-tools/datakit/plugins/inputs/kubernetes/pvc.go:21.47,23.2 1 1
gitlab.jiagouyun.com/cloudcare-tools/datakit/plugins/inputs/kubernetes/pvc.go:25.47,79.2 1 0
gitlab.jiagouyun.com/cloudcare-tools/datakit/plugins/inputs/kubernetes/pvc.go:81.74,83.16 2 1
gitlab.jiagouyun.com/cloudcare-tools/datakit/plugins/inputs/kubernetes/pvc.go:86.2,86.33 1 1
gitlab.jiagouyun.com/cloudcare-tools/datakit/plugins/inputs/kubernetes/pvc.go:90.2,90.12 1 1
gitlab.jiagouyun.com/cloudcare-tools/datakit/plugins/inputs/kubernetes/pvc.go:83.16,85.3 1 0
gitlab.jiagouyun.com/cloudcare-tools/datakit/plugins/inputs/kubernetes/pvc.go:86.33,88.3 1 1
gitlab.jiagouyun.com/cloudcare-tools/datakit/plugins/inputs/kubernetes/pvc.go:93.79,95.51 2 1
gitlab.jiagouyun.com/cloudcare-tools/datakit/plugins/inputs/kubernetes/pvc.go:103.2,126.44 4 1
gitlab.jiagouyun.com/cloudcare-tools/datakit/plugins/inputs/kubernetes/pvc.go:96.15,97.16 1 1
gitlab.jiagouyun.com/cloudcare-tools/datakit/plugins/inputs/kubernetes/pvc.go:98.14,99.16 1 0
gitlab.jiagouyun.com/cloudcare-tools/datakit/plugins/inputs/kubernetes/pvc.go:100.17,101.16 1 0
gitlab.jiagouyun.com/cloudcare-tools/datakit/plugins/inputs/kubernetes/service.go:21.51,23.2 1 1
gitlab.jiagouyun.com/cloudcare-tools/datakit/plugins/inputs/kubernetes/service.go:25.51,79.2 1 0
gitlab.jiagouyun.com/cloudcare-tools/datakit/plugins/inputs/kubernetes/service.go:81.60,83.16 2 1
gitlab.jiagouyun.com/cloudcare-tools/datakit/plugins/inputs/kubernetes/service.go:86.2,86.34 1 1
gitlab.jiagouyun.com/cloudcare-tools/datakit/plugins/inputs/kubernetes/service.go:90.2,90.12 1 1
gitlab.jiagouyun.com/cloudcare-tools/datakit/plugins/inputs/kubernetes/service.go:83.16,85.3 1 0
gitlab.jiagouyun.com/cloudcare-tools/datakit/plugins/inputs/kubernetes/service.go:86.34,88.3 1 1
gitlab.jiagouyun.com/cloudcare-tools/datakit/plugins/inputs/kubernetes/service.go:93.49,94.90 1 1
gitlab.jiagouyun.com/cloudcare-tools/datakit/plugins/inputs/kubernetes/service.go:98.2,114.24 3 1
gitlab.jiagouyun.com/cloudcare-tools/datakit/plugins/inputs/kubernetes/service.go:139.2,139.55 1 1
gitlab.jiagouyun.com/cloudcare-tools/datakit/plugins/inputs/kubernetes/service.go:94.90,96.3 1 1
gitlab.jiagouyun.com/cloudcare-tools/datakit/plugins/inputs/kubernetes/service.go:114.24,115.37 1 1
gitlab.jiagouyun.com/cloudcare-tools/datakit/plugins/inputs/kubernetes/service.go:115.37,122.37 5 1
gitlab.jiagouyun.com/cloudcare-tools/datakit/plugins/inputs/kubernetes/service.go:128.4,135.46 2 1
gitlab.jiagouyun.com/cloudcare-tools/datakit/plugins/inputs/kubernetes/service.go:122.37,124.5 1 0
gitlab.jiagouyun.com/cloudcare-tools/datakit/plugins/inputs/kubernetes/service.go:124.10,126.5 1 1
gitlab.jiagouyun.com/cloudcare-tools/datakit/plugins/inputs/kubernetes/service.go:139.55,140.32 1 0
gitlab.jiagouyun.com/cloudcare-tools/datakit/plugins/inputs/kubernetes/service.go:140.32,144.4 2 0
gitlab.jiagouyun.com/cloudcare-tools/datakit/plugins/inputs/kubernetes/service.go:145.8,147.3 1 1
gitlab.jiagouyun.com/cloudcare-tools/datakit/plugins/inputs/kubernetes/statefulset.go:20.54,22.2 1 1
gitlab.jiagouyun.com/cloudcare-tools/datakit/plugins/inputs/kubernetes/statefulset.go:24.54,78.2 1 0
gitlab.jiagouyun.com/cloudcare-tools/datakit/plugins/inputs/kubernetes/statefulset.go:80.64,82.16 2 1
gitlab.jiagouyun.com/cloudcare-tools/datakit/plugins/inputs/kubernetes/statefulset.go:85.2,85.31 1 1
gitlab.jiagouyun.com/cloudcare-tools/datakit/plugins/inputs/kubernetes/statefulset.go:89.2,89.12 1 1
gitlab.jiagouyun.com/cloudcare-tools/datakit/plugins/inputs/kubernetes/statefulset.go:82.16,84.3 1 0
gitlab.jiagouyun.com/cloudcare-tools/datakit/plugins/inputs/kubernetes/statefulset.go:85.31,87.3 1 1
gitlab.jiagouyun.com/cloudcare-tools/datakit/plugins/inputs/kubernetes/statefulset.go:92.53,122.2 5 1
gitlab.jiagouyun.com/cloudcare-tools/datakit/plugins/inputs/kubernetes/util.go:9.49,11.16 2 0
gitlab.jiagouyun.com/cloudcare-tools/datakit/plugins/inputs/kubernetes/util.go:15.2,16.16 2 0
gitlab.jiagouyun.com/cloudcare-tools/datakit/plugins/inputs/kubernetes/util.go:20.2,20.11 1 0
gitlab.jiagouyun.com/cloudcare-tools/datakit/plugins/inputs/kubernetes/util.go:23.2,23.21 1 0
gitlab.jiagouyun.com/cloudcare-tools/datakit/plugins/inputs/kubernetes/util.go:11.16,14.3 2 0
gitlab.jiagouyun.com/cloudcare-tools/datakit/plugins/inputs/kubernetes/util.go:16.16,19.3 2 0
gitlab.jiagouyun.com/cloudcare-tools/datakit/plugins/inputs/kubernetes/util.go:20.11,22.3 1 0
gitlab.jiagouyun.com/cloudcare-tools/datakit/plugins/inputs/kubernetes/util.go:26.27,28.16 2 0
gitlab.jiagouyun.com/cloudcare-tools/datakit/plugins/inputs/kubernetes/util.go:31.2,31.10 1 0
gitlab.jiagouyun.com/cloudcare-tools/datakit/plugins/inputs/kubernetes/util.go:28.16,30.3 1 0
